2018-09-27 09:09:42,620 WARN  [main] util.NativeCodeLoader (NativeCodeLoader.java:<clinit>(62)) - Unable to load native-hadoop library for your platform... using builtin-java classes where applicable
2018-09-27 09:09:42,921 INFO  [main] Configuration.deprecation (Configuration.java:warnOnceIfDeprecated(1049)) - session.id is deprecated. Instead, use dfs.metrics.session-id
2018-09-27 09:09:42,922 INFO  [main] jvm.JvmMetrics (JvmMetrics.java:init(76)) - Initializing JVM Metrics with processName=JobTracker, sessionId=
2018-09-27 09:09:43,309 WARN  [main] mapreduce.JobSubmitter (JobSubmitter.java:copyAndConfigureFiles(153)) - Hadoop command-line option parsing not performed. Implement the Tool interface and execute your application with ToolRunner to remedy this.
2018-09-27 09:09:43,354 INFO  [main] input.FileInputFormat (FileInputFormat.java:listStatus(281)) - Total input paths to process : 1
2018-09-27 09:09:43,398 INFO  [main] mapreduce.JobSubmitter (JobSubmitter.java:submitJobInternal(494)) - number of splits:1
2018-09-27 09:09:43,563 INFO  [main] mapreduce.JobSubmitter (JobSubmitter.java:printTokens(583)) - Submitting tokens for job: job_local2086777488_0001
2018-09-27 09:09:44,089 INFO  [main] mapred.LocalDistributedCacheManager (LocalDistributedCacheManager.java:setup(171)) - Localized file:/home/axb4304/project1/centroids.txt as file:/tmp/hadoop-axb4304/mapred/local/1538064583847/centroids.txt
2018-09-27 09:09:44,298 INFO  [main] mapreduce.Job (Job.java:submit(1300)) - The url to track the job: http://localhost:8080/
2018-09-27 09:09:44,299 INFO  [main] mapreduce.Job (Job.java:monitorAndPrintJob(1345)) - Running job: job_local2086777488_0001
2018-09-27 09:09:44,302 INFO  [Thread-14] mapred.LocalJobRunner (LocalJobRunner.java:createOutputCommitter(471)) - OutputCommitter set in config null
2018-09-27 09:09:44,330 INFO  [Thread-14] mapred.LocalJobRunner (LocalJobRunner.java:createOutputCommitter(489)) - OutputCommitter is org.apache.hadoop.mapreduce.lib.output.FileOutputCommitter
2018-09-27 09:09:44,455 INFO  [Thread-14] mapred.LocalJobRunner (LocalJobRunner.java:runTasks(448)) - Waiting for map tasks
2018-09-27 09:09:44,457 INFO  [LocalJobRunner Map Task Executor #0] mapred.LocalJobRunner (LocalJobRunner.java:run(224)) - Starting task: attempt_local2086777488_0001_m_000000_0
2018-09-27 09:09:44,540 INFO  [LocalJobRunner Map Task Executor #0] mapred.Task (Task.java:initialize(587)) -  Using ResourceCalculatorProcessTree : [ ]
2018-09-27 09:09:44,542 INFO  [LocalJobRunner Map Task Executor #0] mapred.MapTask (MapTask.java:runNewMapper(753)) - Processing split: file:/home/axb4304/project1/points-small.txt:0+36948
2018-09-27 09:09:44,721 INFO  [LocalJobRunner Map Task Executor #0] mapred.MapTask (MapTask.java:setEquator(1202)) - (EQUATOR) 0 kvi 26214396(104857584)
2018-09-27 09:09:44,721 INFO  [LocalJobRunner Map Task Executor #0] mapred.MapTask (MapTask.java:init(995)) - mapreduce.task.io.sort.mb: 100
2018-09-27 09:09:44,722 INFO  [LocalJobRunner Map Task Executor #0] mapred.MapTask (MapTask.java:init(996)) - soft limit at 83886080
2018-09-27 09:09:44,722 INFO  [LocalJobRunner Map Task Executor #0] mapred.MapTask (MapTask.java:init(997)) - bufstart = 0; bufvoid = 104857600
2018-09-27 09:09:44,722 INFO  [LocalJobRunner Map Task Executor #0] mapred.MapTask (MapTask.java:init(998)) - kvstart = 26214396; length = 6553600
2018-09-27 09:09:44,725 INFO  [LocalJobRunner Map Task Executor #0] mapred.MapTask (MapTask.java:createSortingCollector(402)) - Map output collector class = org.apache.hadoop.mapred.MapTask$MapOutputBuffer
2018-09-27 09:09:45,301 INFO  [main] mapreduce.Job (Job.java:monitorAndPrintJob(1366)) - Job job_local2086777488_0001 running in uber mode : false
2018-09-27 09:09:45,302 INFO  [main] mapreduce.Job (Job.java:monitorAndPrintJob(1373)) -  map 0% reduce 0%
2018-09-27 09:09:46,204 INFO  [LocalJobRunner Map Task Executor #0] mapred.LocalJobRunner (LocalJobRunner.java:statusUpdate(591)) - 
2018-09-27 09:09:46,206 INFO  [LocalJobRunner Map Task Executor #0] mapred.MapTask (MapTask.java:flush(1457)) - Starting flush of map output
2018-09-27 09:09:46,206 INFO  [LocalJobRunner Map Task Executor #0] mapred.MapTask (MapTask.java:flush(1475)) - Spilling map output
2018-09-27 09:09:46,206 INFO  [LocalJobRunner Map Task Executor #0] mapred.MapTask (MapTask.java:flush(1476)) - bufstart = 0; bufend = 32000; bufvoid = 104857600
2018-09-27 09:09:46,206 INFO  [LocalJobRunner Map Task Executor #0] mapred.MapTask (MapTask.java:flush(1478)) - kvstart = 26214396(104857584); kvend = 26210400(104841600); length = 3997/6553600
2018-09-27 09:09:46,295 INFO  [LocalJobRunner Map Task Executor #0] mapred.MapTask (MapTask.java:sortAndSpill(1660)) - Finished spill 0
2018-09-27 09:09:46,299 INFO  [LocalJobRunner Map Task Executor #0] mapred.Task (Task.java:done(1001)) - Task:attempt_local2086777488_0001_m_000000_0 is done. And is in the process of committing
2018-09-27 09:09:46,318 INFO  [LocalJobRunner Map Task Executor #0] mapred.LocalJobRunner (LocalJobRunner.java:statusUpdate(591)) - map
2018-09-27 09:09:46,318 INFO  [LocalJobRunner Map Task Executor #0] mapred.Task (Task.java:sendDone(1121)) - Task 'attempt_local2086777488_0001_m_000000_0' done.
2018-09-27 09:09:46,318 INFO  [LocalJobRunner Map Task Executor #0] mapred.LocalJobRunner (LocalJobRunner.java:run(249)) - Finishing task: attempt_local2086777488_0001_m_000000_0
2018-09-27 09:09:46,318 INFO  [Thread-14] mapred.LocalJobRunner (LocalJobRunner.java:runTasks(456)) - map task executor complete.
2018-09-27 09:09:46,322 INFO  [Thread-14] mapred.LocalJobRunner (LocalJobRunner.java:runTasks(448)) - Waiting for reduce tasks
2018-09-27 09:09:46,323 INFO  [pool-3-thread-1] mapred.LocalJobRunner (LocalJobRunner.java:run(302)) - Starting task: attempt_local2086777488_0001_r_000000_0
2018-09-27 09:09:46,328 INFO  [pool-3-thread-1] mapred.Task (Task.java:initialize(587)) -  Using ResourceCalculatorProcessTree : [ ]
2018-09-27 09:09:46,330 INFO  [pool-3-thread-1] mapred.ReduceTask (ReduceTask.java:run(362)) - Using ShuffleConsumerPlugin: org.apache.hadoop.mapreduce.task.reduce.Shuffle@494c54fe
2018-09-27 09:09:46,356 INFO  [pool-3-thread-1] reduce.MergeManagerImpl (MergeManagerImpl.java:<init>(196)) - MergerManager: memoryLimit=703542080, maxSingleShuffleLimit=175885520, mergeThreshold=464337792, ioSortFactor=10, memToMemMergeOutputsThreshold=10
2018-09-27 09:09:46,371 INFO  [EventFetcher for fetching Map Completion Events] reduce.EventFetcher (EventFetcher.java:run(61)) - attempt_local2086777488_0001_r_000000_0 Thread started: EventFetcher for fetching Map Completion Events
2018-09-27 09:09:46,505 INFO  [localfetcher#1] reduce.LocalFetcher (LocalFetcher.java:copyMapOutput(141)) - localfetcher#1 about to shuffle output of map attempt_local2086777488_0001_m_000000_0 decomp: 34002 len: 34006 to MEMORY
2018-09-27 09:09:46,519 INFO  [localfetcher#1] reduce.InMemoryMapOutput (InMemoryMapOutput.java:shuffle(100)) - Read 34002 bytes from map-output for attempt_local2086777488_0001_m_000000_0
2018-09-27 09:09:46,576 INFO  [localfetcher#1] reduce.MergeManagerImpl (MergeManagerImpl.java:closeInMemoryFile(314)) - closeInMemoryFile -> map-output of size: 34002, inMemoryMapOutputs.size() -> 1, commitMemory -> 0, usedMemory ->34002
2018-09-27 09:09:46,577 INFO  [EventFetcher for fetching Map Completion Events] reduce.EventFetcher (EventFetcher.java:run(76)) - EventFetcher is interrupted.. Returning
2018-09-27 09:09:46,578 INFO  [pool-3-thread-1] mapred.LocalJobRunner (LocalJobRunner.java:statusUpdate(591)) - 1 / 1 copied.
2018-09-27 09:09:46,578 INFO  [pool-3-thread-1] reduce.MergeManagerImpl (MergeManagerImpl.java:finalMerge(674)) - finalMerge called with 1 in-memory map-outputs and 0 on-disk map-outputs
2018-09-27 09:09:46,583 INFO  [pool-3-thread-1] mapred.Merger (Merger.java:merge(597)) - Merging 1 sorted segments
2018-09-27 09:09:46,583 INFO  [pool-3-thread-1] mapred.Merger (Merger.java:merge(696)) - Down to the last merge-pass, with 1 segments left of total size: 33984 bytes
2018-09-27 09:09:46,594 INFO  [pool-3-thread-1] reduce.MergeManagerImpl (MergeManagerImpl.java:finalMerge(751)) - Merged 1 segments, 34002 bytes to disk to satisfy reduce memory limit
2018-09-27 09:09:46,594 INFO  [pool-3-thread-1] reduce.MergeManagerImpl (MergeManagerImpl.java:finalMerge(781)) - Merging 1 files, 34006 bytes from disk
2018-09-27 09:09:46,595 INFO  [pool-3-thread-1] reduce.MergeManagerImpl (MergeManagerImpl.java:finalMerge(796)) - Merging 0 segments, 0 bytes from memory into reduce
2018-09-27 09:09:46,595 INFO  [pool-3-thread-1] mapred.Merger (Merger.java:merge(597)) - Merging 1 sorted segments
2018-09-27 09:09:46,595 INFO  [pool-3-thread-1] mapred.Merger (Merger.java:merge(696)) - Down to the last merge-pass, with 1 segments left of total size: 33984 bytes
2018-09-27 09:09:46,596 INFO  [pool-3-thread-1] mapred.LocalJobRunner (LocalJobRunner.java:statusUpdate(591)) - 1 / 1 copied.
2018-09-27 09:09:46,648 INFO  [pool-3-thread-1] Configuration.deprecation (Configuration.java:warnOnceIfDeprecated(1049)) - mapred.skip.on is deprecated. Instead, use mapreduce.job.skiprecords
2018-09-27 09:09:46,703 INFO  [pool-3-thread-1] mapred.Task (Task.java:done(1001)) - Task:attempt_local2086777488_0001_r_000000_0 is done. And is in the process of committing
2018-09-27 09:09:46,704 INFO  [pool-3-thread-1] mapred.LocalJobRunner (LocalJobRunner.java:statusUpdate(591)) - 1 / 1 copied.
2018-09-27 09:09:46,704 INFO  [pool-3-thread-1] mapred.Task (Task.java:commit(1162)) - Task attempt_local2086777488_0001_r_000000_0 is allowed to commit now
2018-09-27 09:09:46,707 INFO  [pool-3-thread-1] output.FileOutputCommitter (FileOutputCommitter.java:commitTask(439)) - Saved output of task 'attempt_local2086777488_0001_r_000000_0' to file:/home/axb4304/project1/output/_temporary/0/task_local2086777488_0001_r_000000
2018-09-27 09:09:46,708 INFO  [pool-3-thread-1] mapred.LocalJobRunner (LocalJobRunner.java:statusUpdate(591)) - reduce > reduce
2018-09-27 09:09:46,708 INFO  [pool-3-thread-1] mapred.Task (Task.java:sendDone(1121)) - Task 'attempt_local2086777488_0001_r_000000_0' done.
2018-09-27 09:09:46,708 INFO  [pool-3-thread-1] mapred.LocalJobRunner (LocalJobRunner.java:run(325)) - Finishing task: attempt_local2086777488_0001_r_000000_0
2018-09-27 09:09:46,708 INFO  [Thread-14] mapred.LocalJobRunner (LocalJobRunner.java:runTasks(456)) - reduce task executor complete.
2018-09-27 09:09:47,305 INFO  [main] mapreduce.Job (Job.java:monitorAndPrintJob(1373)) -  map 100% reduce 100%
2018-09-27 09:09:47,305 INFO  [main] mapreduce.Job (Job.java:monitorAndPrintJob(1384)) - Job job_local2086777488_0001 completed successfully
2018-09-27 09:09:47,322 INFO  [main] mapreduce.Job (Job.java:monitorAndPrintJob(1391)) - Counters: 33
	File System Counters
		FILE: Number of bytes read=155354
		FILE: Number of bytes written=629693
		FILE: Number of read operations=0
		FILE: Number of large read operations=0
		FILE: Number of write operations=0
	Map-Reduce Framework
		Map input records=1000
		Map output records=1000
		Map output bytes=32000
		Map output materialized bytes=34006
		Input split bytes=109
		Combine input records=0
		Combine output records=0
		Reduce input groups=100
		Reduce shuffle bytes=34006
		Reduce input records=1000
		Reduce output records=100
		Spilled Records=2000
		Shuffled Maps =1
		Failed Shuffles=0
		Merged Map outputs=1
		GC time elapsed (ms)=832
		CPU time spent (ms)=0
		Physical memory (bytes) snapshot=0
		Virtual memory (bytes) snapshot=0
		Total committed heap usage (bytes)=2010120192
	Shuffle Errors
		BAD_ID=0
		CONNECTION=0
		IO_ERROR=0
		WRONG_LENGTH=0
		WRONG_MAP=0
		WRONG_REDUCE=0
	File Input Format Counters 
		Bytes Read=36948
	File Output Format Counters 
		Bytes Written=3721
