myHadoop: Setting MH_IPOIB_TRANSFORM='s/\([^.]*\).*$/\1.ibnet/' from myhadoop.conf
myHadoop: Setting MH_SCRATCH_DIR=/scratch/$USER/$SLURM_JOBID from myhadoop.conf
myHadoop: Using HADOOP_HOME=/opt/hadoop/2.6.0
myHadoop: Using MH_SCRATCH_DIR=/scratch/axb4304/20194536
myHadoop: Using JAVA_HOME=/usr/java/latest
myHadoop: Generating Hadoop configuration in directory in /home/axb4304/cometcluster...
myHadoop: Backing up old config dir to /home/axb4304/cometcluster.14...
`/home/axb4304/cometcluster' -> `/home/axb4304/cometcluster.14'
myHadoop: Designating comet-11-28.ibnet as master node (namenode, secondary namenode, and jobtracker)
myHadoop: The following nodes will be slaves (datanode, tasktracer):
comet-11-28.ibnet
comet-11-38.ibnet
comet-11-40.ibnet
18/11/18 11:11:14 INFO namenode.NameNode: STARTUP_MSG: 
/************************************************************
STARTUP_MSG: Starting NameNode
STARTUP_MSG:   host = comet-11-28.sdsc.edu/198.202.118.183
STARTUP_MSG:   args = [-format]
STARTUP_MSG:   version = 2.6.0
STARTUP_MSG:   classpath = /home/axb4304/cometcluster:/opt/hadoop/2.6.0/share/hadoop/common/lib/commons-lang-2.6.jar:/opt/hadoop/2.6.0/share/hadoop/common/lib/jaxb-api-2.2.2.jar:/opt/hadoop/2.6.0/share/hadoop/common/lib/snappy-java-1.0.4.1.jar:/opt/hadoop/2.6.0/share/hadoop/common/lib/xmlenc-0.52.jar:/opt/hadoop/2.6.0/share/hadoop/common/lib/commons-httpclient-3.1.jar:/opt/hadoop/2.6.0/share/hadoop/common/lib/log4j-1.2.17.jar:/opt/hadoop/2.6.0/share/hadoop/common/lib/jets3t-0.9.0.jar:/opt/hadoop/2.6.0/share/hadoop/common/lib/netty-3.6.2.Final.jar:/opt/hadoop/2.6.0/share/hadoop/common/lib/curator-recipes-2.6.0.jar:/opt/hadoop/2.6.0/share/hadoop/common/lib/commons-math3-3.1.1.jar:/opt/hadoop/2.6.0/share/hadoop/common/lib/servlet-api-2.5.jar:/opt/hadoop/2.6.0/share/hadoop/common/lib/jasper-runtime-5.5.23.jar:/opt/hadoop/2.6.0/share/hadoop/common/lib/zookeeper-3.4.6.jar:/opt/hadoop/2.6.0/share/hadoop/common/lib/commons-net-3.1.jar:/opt/hadoop/2.6.0/share/hadoop/common/lib/commons-cli-1.2.jar:/opt/hadoop/2.6.0/share/hadoop/common/lib/commons-beanutils-1.7.0.jar:/opt/hadoop/2.6.0/share/hadoop/common/lib/htrace-core-3.0.4.jar:/opt/hadoop/2.6.0/share/hadoop/common/lib/stax-api-1.0-2.jar:/opt/hadoop/2.6.0/share/hadoop/common/lib/jsch-0.1.42.jar:/opt/hadoop/2.6.0/share/hadoop/common/lib/curator-client-2.6.0.jar:/opt/hadoop/2.6.0/share/hadoop/common/lib/guava-11.0.2.jar:/opt/hadoop/2.6.0/share/hadoop/common/lib/slf4j-log4j12-1.7.5.jar:/opt/hadoop/2.6.0/share/hadoop/common/lib/commons-io-2.4.jar:/opt/hadoop/2.6.0/share/hadoop/common/lib/api-asn1-api-1.0.0-M20.jar:/opt/hadoop/2.6.0/share/hadoop/common/lib/xz-1.0.jar:/opt/hadoop/2.6.0/share/hadoop/common/lib/jettison-1.1.jar:/opt/hadoop/2.6.0/share/hadoop/common/lib/httpclient-4.2.5.jar:/opt/hadoop/2.6.0/share/hadoop/common/lib/hadoop-annotations-2.6.0.jar:/opt/hadoop/2.6.0/share/hadoop/common/lib/slf4j-api-1.7.5.jar:/opt/hadoop/2.6.0/share/hadoop/common/lib/commons-configuration-1.6.jar:/opt/hadoop/2.6.0/share/hadoop/common/lib/commons-digester-1.8.jar:/opt/hadoop/2.6.0/share/hadoop/common/lib/jackson-xc-1.9.13.jar:/opt/hadoop/2.6.0/share/hadoop/common/lib/junit-4.11.jar:/opt/hadoop/2.6.0/share/hadoop/common/lib/jersey-json-1.9.jar:/opt/hadoop/2.6.0/share/hadoop/common/lib/commons-beanutils-core-1.8.0.jar:/opt/hadoop/2.6.0/share/hadoop/common/lib/commons-collections-3.2.1.jar:/opt/hadoop/2.6.0/share/hadoop/common/lib/apacheds-kerberos-codec-2.0.0-M15.jar:/opt/hadoop/2.6.0/share/hadoop/common/lib/jackson-core-asl-1.9.13.jar:/opt/hadoop/2.6.0/share/hadoop/common/lib/curator-framework-2.6.0.jar:/opt/hadoop/2.6.0/share/hadoop/common/lib/avro-1.7.4.jar:/opt/hadoop/2.6.0/share/hadoop/common/lib/hadoop-auth-2.6.0.jar:/opt/hadoop/2.6.0/share/hadoop/common/lib/jsp-api-2.1.jar:/opt/hadoop/2.6.0/share/hadoop/common/lib/commons-logging-1.1.3.jar:/opt/hadoop/2.6.0/share/hadoop/common/lib/jetty-6.1.26.jar:/opt/hadoop/2.6.0/share/hadoop/common/lib/api-util-1.0.0-M20.jar:/opt/hadoop/2.6.0/share/hadoop/common/lib/jersey-server-1.9.jar:/opt/hadoop/2.6.0/share/hadoop/common/lib/asm-3.2.jar:/opt/hadoop/2.6.0/share/hadoop/common/lib/mockito-all-1.8.5.jar:/opt/hadoop/2.6.0/share/hadoop/common/lib/java-xmlbuilder-0.4.jar:/opt/hadoop/2.6.0/share/hadoop/common/lib/activation-1.1.jar:/opt/hadoop/2.6.0/share/hadoop/common/lib/apacheds-i18n-2.0.0-M15.jar:/opt/hadoop/2.6.0/share/hadoop/common/lib/commons-compress-1.4.1.jar:/opt/hadoop/2.6.0/share/hadoop/common/lib/gson-2.2.4.jar:/opt/hadoop/2.6.0/share/hadoop/common/lib/paranamer-2.3.jar:/opt/hadoop/2.6.0/share/hadoop/common/lib/jackson-mapper-asl-1.9.13.jar:/opt/hadoop/2.6.0/share/hadoop/common/lib/jaxb-impl-2.2.3-1.jar:/opt/hadoop/2.6.0/share/hadoop/common/lib/jackson-jaxrs-1.9.13.jar:/opt/hadoop/2.6.0/share/hadoop/common/lib/jetty-util-6.1.26.jar:/opt/hadoop/2.6.0/share/hadoop/common/lib/httpcore-4.2.5.jar:/opt/hadoop/2.6.0/share/hadoop/common/lib/protobuf-java-2.5.0.jar:/opt/hadoop/2.6.0/share/hadoop/common/lib/jsr305-1.3.9.jar:/opt/hadoop/2.6.0/share/hadoop/common/lib/jersey-core-1.9.jar:/opt/hadoop/2.6.0/share/hadoop/common/lib/commons-codec-1.4.jar:/opt/hadoop/2.6.0/share/hadoop/common/lib/jasper-compiler-5.5.23.jar:/opt/hadoop/2.6.0/share/hadoop/common/lib/commons-el-1.0.jar:/opt/hadoop/2.6.0/share/hadoop/common/lib/hamcrest-core-1.3.jar:/opt/hadoop/2.6.0/share/hadoop/common/hadoop-nfs-2.6.0.jar:/opt/hadoop/2.6.0/share/hadoop/common/hadoop-common-2.6.0.jar:/opt/hadoop/2.6.0/share/hadoop/common/hadoop-common-2.6.0-tests.jar:/opt/hadoop/2.6.0/share/hadoop/hdfs:/opt/hadoop/2.6.0/share/hadoop/hdfs/lib/commons-lang-2.6.jar:/opt/hadoop/2.6.0/share/hadoop/hdfs/lib/xmlenc-0.52.jar:/opt/hadoop/2.6.0/share/hadoop/hdfs/lib/log4j-1.2.17.jar:/opt/hadoop/2.6.0/share/hadoop/hdfs/lib/netty-3.6.2.Final.jar:/opt/hadoop/2.6.0/share/hadoop/hdfs/lib/servlet-api-2.5.jar:/opt/hadoop/2.6.0/share/hadoop/hdfs/lib/jasper-runtime-5.5.23.jar:/opt/hadoop/2.6.0/share/hadoop/hdfs/lib/commons-cli-1.2.jar:/opt/hadoop/2.6.0/share/hadoop/hdfs/lib/htrace-core-3.0.4.jar:/opt/hadoop/2.6.0/share/hadoop/hdfs/lib/xml-apis-1.3.04.jar:/opt/hadoop/2.6.0/share/hadoop/hdfs/lib/guava-11.0.2.jar:/opt/hadoop/2.6.0/share/hadoop/hdfs/lib/commons-io-2.4.jar:/opt/hadoop/2.6.0/share/hadoop/hdfs/lib/jackson-core-asl-1.9.13.jar:/opt/hadoop/2.6.0/share/hadoop/hdfs/lib/jsp-api-2.1.jar:/opt/hadoop/2.6.0/share/hadoop/hdfs/lib/commons-logging-1.1.3.jar:/opt/hadoop/2.6.0/share/hadoop/hdfs/lib/jetty-6.1.26.jar:/opt/hadoop/2.6.0/share/hadoop/hdfs/lib/jersey-server-1.9.jar:/opt/hadoop/2.6.0/share/hadoop/hdfs/lib/asm-3.2.jar:/opt/hadoop/2.6.0/share/hadoop/hdfs/lib/jackson-mapper-asl-1.9.13.jar:/opt/hadoop/2.6.0/share/hadoop/hdfs/lib/commons-daemon-1.0.13.jar:/opt/hadoop/2.6.0/share/hadoop/hdfs/lib/jetty-util-6.1.26.jar:/opt/hadoop/2.6.0/share/hadoop/hdfs/lib/protobuf-java-2.5.0.jar:/opt/hadoop/2.6.0/share/hadoop/hdfs/lib/jsr305-1.3.9.jar:/opt/hadoop/2.6.0/share/hadoop/hdfs/lib/jersey-core-1.9.jar:/opt/hadoop/2.6.0/share/hadoop/hdfs/lib/commons-codec-1.4.jar:/opt/hadoop/2.6.0/share/hadoop/hdfs/lib/commons-el-1.0.jar:/opt/hadoop/2.6.0/share/hadoop/hdfs/lib/xercesImpl-2.9.1.jar:/opt/hadoop/2.6.0/share/hadoop/hdfs/hadoop-hdfs-2.6.0.jar:/opt/hadoop/2.6.0/share/hadoop/hdfs/hadoop-hdfs-2.6.0-tests.jar:/opt/hadoop/2.6.0/share/hadoop/hdfs/hadoop-hdfs-nfs-2.6.0.jar:/opt/hadoop/2.6.0/share/hadoop/yarn/lib/commons-lang-2.6.jar:/opt/hadoop/2.6.0/share/hadoop/yarn/lib/jaxb-api-2.2.2.jar:/opt/hadoop/2.6.0/share/hadoop/yarn/lib/commons-httpclient-3.1.jar:/opt/hadoop/2.6.0/share/hadoop/yarn/lib/log4j-1.2.17.jar:/opt/hadoop/2.6.0/share/hadoop/yarn/lib/netty-3.6.2.Final.jar:/opt/hadoop/2.6.0/share/hadoop/yarn/lib/servlet-api-2.5.jar:/opt/hadoop/2.6.0/share/hadoop/yarn/lib/zookeeper-3.4.6.jar:/opt/hadoop/2.6.0/share/hadoop/yarn/lib/commons-cli-1.2.jar:/opt/hadoop/2.6.0/share/hadoop/yarn/lib/stax-api-1.0-2.jar:/opt/hadoop/2.6.0/share/hadoop/yarn/lib/jline-0.9.94.jar:/opt/hadoop/2.6.0/share/hadoop/yarn/lib/guava-11.0.2.jar:/opt/hadoop/2.6.0/share/hadoop/yarn/lib/commons-io-2.4.jar:/opt/hadoop/2.6.0/share/hadoop/yarn/lib/xz-1.0.jar:/opt/hadoop/2.6.0/share/hadoop/yarn/lib/jettison-1.1.jar:/opt/hadoop/2.6.0/share/hadoop/yarn/lib/jackson-xc-1.9.13.jar:/opt/hadoop/2.6.0/share/hadoop/yarn/lib/jersey-json-1.9.jar:/opt/hadoop/2.6.0/share/hadoop/yarn/lib/commons-collections-3.2.1.jar:/opt/hadoop/2.6.0/share/hadoop/yarn/lib/javax.inject-1.jar:/opt/hadoop/2.6.0/share/hadoop/yarn/lib/jackson-core-asl-1.9.13.jar:/opt/hadoop/2.6.0/share/hadoop/yarn/lib/guice-servlet-3.0.jar:/opt/hadoop/2.6.0/share/hadoop/yarn/lib/aopalliance-1.0.jar:/opt/hadoop/2.6.0/share/hadoop/yarn/lib/commons-logging-1.1.3.jar:/opt/hadoop/2.6.0/share/hadoop/yarn/lib/jetty-6.1.26.jar:/opt/hadoop/2.6.0/share/hadoop/yarn/lib/jersey-server-1.9.jar:/opt/hadoop/2.6.0/share/hadoop/yarn/lib/asm-3.2.jar:/opt/hadoop/2.6.0/share/hadoop/yarn/lib/activation-1.1.jar:/opt/hadoop/2.6.0/share/hadoop/yarn/lib/commons-compress-1.4.1.jar:/opt/hadoop/2.6.0/share/hadoop/yarn/lib/jackson-mapper-asl-1.9.13.jar:/opt/hadoop/2.6.0/share/hadoop/yarn/lib/jaxb-impl-2.2.3-1.jar:/opt/hadoop/2.6.0/share/hadoop/yarn/lib/jackson-jaxrs-1.9.13.jar:/opt/hadoop/2.6.0/share/hadoop/yarn/lib/jetty-util-6.1.26.jar:/opt/hadoop/2.6.0/share/hadoop/yarn/lib/jersey-client-1.9.jar:/opt/hadoop/2.6.0/share/hadoop/yarn/lib/jersey-guice-1.9.jar:/opt/hadoop/2.6.0/share/hadoop/yarn/lib/protobuf-java-2.5.0.jar:/opt/hadoop/2.6.0/share/hadoop/yarn/lib/jsr305-1.3.9.jar:/opt/hadoop/2.6.0/share/hadoop/yarn/lib/jersey-core-1.9.jar:/opt/hadoop/2.6.0/share/hadoop/yarn/lib/commons-codec-1.4.jar:/opt/hadoop/2.6.0/share/hadoop/yarn/lib/guice-3.0.jar:/opt/hadoop/2.6.0/share/hadoop/yarn/lib/leveldbjni-all-1.8.jar:/opt/hadoop/2.6.0/share/hadoop/yarn/hadoop-yarn-api-2.6.0.jar:/opt/hadoop/2.6.0/share/hadoop/yarn/hadoop-yarn-server-common-2.6.0.jar:/opt/hadoop/2.6.0/share/hadoop/yarn/hadoop-yarn-applications-distributedshell-2.6.0.jar:/opt/hadoop/2.6.0/share/hadoop/yarn/hadoop-yarn-client-2.6.0.jar:/opt/hadoop/2.6.0/share/hadoop/yarn/hadoop-yarn-common-2.6.0.jar:/opt/hadoop/2.6.0/share/hadoop/yarn/hadoop-yarn-server-tests-2.6.0.jar:/opt/hadoop/2.6.0/share/hadoop/yarn/hadoop-yarn-applications-unmanaged-am-launcher-2.6.0.jar:/opt/hadoop/2.6.0/share/hadoop/yarn/hadoop-yarn-registry-2.6.0.jar:/opt/hadoop/2.6.0/share/hadoop/yarn/hadoop-yarn-server-web-proxy-2.6.0.jar:/opt/hadoop/2.6.0/share/hadoop/yarn/hadoop-yarn-server-nodemanager-2.6.0.jar:/opt/hadoop/2.6.0/share/hadoop/yarn/hadoop-yarn-server-resourcemanager-2.6.0.jar:/opt/hadoop/2.6.0/share/hadoop/yarn/hadoop-yarn-server-applicationhistoryservice-2.6.0.jar:/opt/hadoop/2.6.0/share/hadoop/mapreduce/lib/snappy-java-1.0.4.1.jar:/opt/hadoop/2.6.0/share/hadoop/mapreduce/lib/log4j-1.2.17.jar:/opt/hadoop/2.6.0/share/hadoop/mapreduce/lib/netty-3.6.2.Final.jar:/opt/hadoop/2.6.0/share/hadoop/mapreduce/lib/commons-io-2.4.jar:/opt/hadoop/2.6.0/share/hadoop/mapreduce/lib/xz-1.0.jar:/opt/hadoop/2.6.0/share/hadoop/mapreduce/lib/hadoop-annotations-2.6.0.jar:/opt/hadoop/2.6.0/share/hadoop/mapreduce/lib/junit-4.11.jar:/opt/hadoop/2.6.0/share/hadoop/mapreduce/lib/javax.inject-1.jar:/opt/hadoop/2.6.0/share/hadoop/mapreduce/lib/jackson-core-asl-1.9.13.jar:/opt/hadoop/2.6.0/share/hadoop/mapreduce/lib/avro-1.7.4.jar:/opt/hadoop/2.6.0/share/hadoop/mapreduce/lib/guice-servlet-3.0.jar:/opt/hadoop/2.6.0/share/hadoop/mapreduce/lib/aopalliance-1.0.jar:/opt/hadoop/2.6.0/share/hadoop/mapreduce/lib/jersey-server-1.9.jar:/opt/hadoop/2.6.0/share/hadoop/mapreduce/lib/asm-3.2.jar:/opt/hadoop/2.6.0/share/hadoop/mapreduce/lib/commons-compress-1.4.1.jar:/opt/hadoop/2.6.0/share/hadoop/mapreduce/lib/paranamer-2.3.jar:/opt/hadoop/2.6.0/share/hadoop/mapreduce/lib/jackson-mapper-asl-1.9.13.jar:/opt/hadoop/2.6.0/share/hadoop/mapreduce/lib/jersey-guice-1.9.jar:/opt/hadoop/2.6.0/share/hadoop/mapreduce/lib/protobuf-java-2.5.0.jar:/opt/hadoop/2.6.0/share/hadoop/mapreduce/lib/jersey-core-1.9.jar:/opt/hadoop/2.6.0/share/hadoop/mapreduce/lib/guice-3.0.jar:/opt/hadoop/2.6.0/share/hadoop/mapreduce/lib/leveldbjni-all-1.8.jar:/opt/hadoop/2.6.0/share/hadoop/mapreduce/lib/hamcrest-core-1.3.jar:/opt/hadoop/2.6.0/share/hadoop/mapreduce/hadoop-mapreduce-client-common-2.6.0.jar:/opt/hadoop/2.6.0/share/hadoop/mapreduce/hadoop-mapreduce-client-hs-plugins-2.6.0.jar:/opt/hadoop/2.6.0/share/hadoop/mapreduce/hadoop-mapreduce-client-core-2.6.0.jar:/opt/hadoop/2.6.0/share/hadoop/mapreduce/hadoop-mapreduce-client-hs-2.6.0.jar:/opt/hadoop/2.6.0/share/hadoop/mapreduce/hadoop-mapreduce-client-app-2.6.0.jar:/opt/hadoop/2.6.0/share/hadoop/mapreduce/hadoop-mapreduce-client-jobclient-2.6.0.jar:/opt/hadoop/2.6.0/share/hadoop/mapreduce/hadoop-mapreduce-examples-2.6.0.jar:/opt/hadoop/2.6.0/share/hadoop/mapreduce/hadoop-mapreduce-client-shuffle-2.6.0.jar:/opt/hadoop/2.6.0/share/hadoop/mapreduce/hadoop-mapreduce-client-jobclient-2.6.0-tests.jar:/opt/hadoop/2.6.0/contrib/capacity-scheduler/*.jar
STARTUP_MSG:   build = https://git-wip-us.apache.org/repos/asf/hadoop.git -r e3496499ecb8d220fba99dc5ed4c99c8f9e33bb1; compiled by 'jenkins' on 2014-11-13T21:10Z
STARTUP_MSG:   java = 1.8.0_60
************************************************************/
18/11/18 11:11:14 INFO namenode.NameNode: registered UNIX signal handlers for [TERM, HUP, INT]
18/11/18 11:11:14 INFO namenode.NameNode: createNameNode [-format]
18/11/18 11:11:14 WARN util.NativeCodeLoader: Unable to load native-hadoop library for your platform... using builtin-java classes where applicable
18/11/18 11:11:14 WARN common.Util: Path /scratch/axb4304/20194536/namenode_data should be specified as a URI in configuration files. Please update hdfs configuration.
18/11/18 11:11:14 WARN common.Util: Path /scratch/axb4304/20194536/namenode_data should be specified as a URI in configuration files. Please update hdfs configuration.
Formatting using clusterid: CID-d191f4cb-c49f-43e4-894e-54013129cb38
18/11/18 11:11:14 INFO namenode.FSNamesystem: No KeyProvider found.
18/11/18 11:11:14 INFO namenode.FSNamesystem: fsLock is fair:true
18/11/18 11:11:14 INFO blockmanagement.DatanodeManager: dfs.block.invalidate.limit=1000
18/11/18 11:11:14 INFO blockmanagement.DatanodeManager: dfs.namenode.datanode.registration.ip-hostname-check=true
18/11/18 11:11:14 INFO blockmanagement.BlockManager: dfs.namenode.startup.delay.block.deletion.sec is set to 000:00:00:00.000
18/11/18 11:11:14 INFO blockmanagement.BlockManager: The block deletion will start around 2018 Nov 18 11:11:14
18/11/18 11:11:14 INFO util.GSet: Computing capacity for map BlocksMap
18/11/18 11:11:14 INFO util.GSet: VM type       = 64-bit
18/11/18 11:11:14 INFO util.GSet: 2.0% max memory 958.5 MB = 19.2 MB
18/11/18 11:11:14 INFO util.GSet: capacity      = 2^21 = 2097152 entries
18/11/18 11:11:14 INFO blockmanagement.BlockManager: dfs.block.access.token.enable=false
18/11/18 11:11:14 INFO blockmanagement.BlockManager: defaultReplication         = 3
18/11/18 11:11:14 INFO blockmanagement.BlockManager: maxReplication             = 512
18/11/18 11:11:14 INFO blockmanagement.BlockManager: minReplication             = 1
18/11/18 11:11:14 INFO blockmanagement.BlockManager: maxReplicationStreams      = 2
18/11/18 11:11:14 INFO blockmanagement.BlockManager: shouldCheckForEnoughRacks  = false
18/11/18 11:11:14 INFO blockmanagement.BlockManager: replicationRecheckInterval = 3000
18/11/18 11:11:14 INFO blockmanagement.BlockManager: encryptDataTransfer        = false
18/11/18 11:11:14 INFO blockmanagement.BlockManager: maxNumBlocksToLog          = 1000
18/11/18 11:11:14 INFO namenode.FSNamesystem: fsOwner             = axb4304 (auth:SIMPLE)
18/11/18 11:11:14 INFO namenode.FSNamesystem: supergroup          = supergroup
18/11/18 11:11:14 INFO namenode.FSNamesystem: isPermissionEnabled = true
18/11/18 11:11:14 INFO namenode.FSNamesystem: HA Enabled: false
18/11/18 11:11:14 INFO namenode.FSNamesystem: Append Enabled: true
18/11/18 11:11:14 INFO util.GSet: Computing capacity for map INodeMap
18/11/18 11:11:14 INFO util.GSet: VM type       = 64-bit
18/11/18 11:11:14 INFO util.GSet: 1.0% max memory 958.5 MB = 9.6 MB
18/11/18 11:11:14 INFO util.GSet: capacity      = 2^20 = 1048576 entries
18/11/18 11:11:14 INFO namenode.NameNode: Caching file names occuring more than 10 times
18/11/18 11:11:14 INFO util.GSet: Computing capacity for map cachedBlocks
18/11/18 11:11:14 INFO util.GSet: VM type       = 64-bit
18/11/18 11:11:14 INFO util.GSet: 0.25% max memory 958.5 MB = 2.4 MB
18/11/18 11:11:14 INFO util.GSet: capacity      = 2^18 = 262144 entries
18/11/18 11:11:14 INFO namenode.FSNamesystem: dfs.namenode.safemode.threshold-pct = 0.9990000128746033
18/11/18 11:11:14 INFO namenode.FSNamesystem: dfs.namenode.safemode.min.datanodes = 0
18/11/18 11:11:14 INFO namenode.FSNamesystem: dfs.namenode.safemode.extension     = 30000
18/11/18 11:11:14 INFO namenode.FSNamesystem: Retry cache on namenode is enabled
18/11/18 11:11:14 INFO namenode.FSNamesystem: Retry cache will use 0.03 of total heap and retry cache entry expiry time is 600000 millis
18/11/18 11:11:14 INFO util.GSet: Computing capacity for map NameNodeRetryCache
18/11/18 11:11:14 INFO util.GSet: VM type       = 64-bit
18/11/18 11:11:14 INFO util.GSet: 0.029999999329447746% max memory 958.5 MB = 294.5 KB
18/11/18 11:11:14 INFO util.GSet: capacity      = 2^15 = 32768 entries
18/11/18 11:11:14 INFO namenode.NNConf: ACLs enabled? false
18/11/18 11:11:14 INFO namenode.NNConf: XAttrs enabled? true
18/11/18 11:11:14 INFO namenode.NNConf: Maximum size of an xattr: 16384
18/11/18 11:11:14 INFO namenode.FSImage: Allocated new BlockPoolId: BP-1141661776-198.202.118.183-1542568274781
18/11/18 11:11:14 INFO common.Storage: Storage directory /scratch/axb4304/20194536/namenode_data has been successfully formatted.
18/11/18 11:11:14 INFO namenode.NNStorageRetentionManager: Going to retain 1 images with txid >= 0
18/11/18 11:11:14 INFO util.ExitUtil: Exiting with status 0
18/11/18 11:11:14 INFO namenode.NameNode: SHUTDOWN_MSG: 
/************************************************************
SHUTDOWN_MSG: Shutting down NameNode at comet-11-28.sdsc.edu/198.202.118.183
************************************************************/
18/11/18 11:11:15 WARN util.NativeCodeLoader: Unable to load native-hadoop library for your platform... using builtin-java classes where applicable
Starting namenodes on [comet-11-28.ibnet]
comet-11-28.ibnet: starting namenode, logging to /scratch/axb4304/20194536/logs/hadoop-axb4304-namenode-comet-11-28.sdsc.edu.out
comet-11-28.ibnet: starting datanode, logging to /scratch/axb4304/20194536/logs/hadoop-axb4304-datanode-comet-11-28.sdsc.edu.out
comet-11-38.ibnet: starting datanode, logging to /scratch/axb4304/20194536/logs/hadoop-axb4304-datanode-comet-11-38.sdsc.edu.out
comet-11-40.ibnet: starting datanode, logging to /scratch/axb4304/20194536/logs/hadoop-axb4304-datanode-comet-11-40.sdsc.edu.out
Starting secondary namenodes [comet-11-28.ibnet]
comet-11-28.ibnet: starting secondarynamenode, logging to /scratch/axb4304/20194536/logs/hadoop-axb4304-secondarynamenode-comet-11-28.sdsc.edu.out
18/11/18 11:11:31 WARN util.NativeCodeLoader: Unable to load native-hadoop library for your platform... using builtin-java classes where applicable
starting yarn daemons
starting resourcemanager, logging to /scratch/axb4304/20194536/logs/yarn-axb4304-resourcemanager-comet-11-28.out
comet-11-28.ibnet: starting nodemanager, logging to /scratch/axb4304/20194536/logs/yarn-axb4304-nodemanager-comet-11-28.sdsc.edu.out
comet-11-38.ibnet: starting nodemanager, logging to /scratch/axb4304/20194536/logs/yarn-axb4304-nodemanager-comet-11-38.sdsc.edu.out
comet-11-40.ibnet: starting nodemanager, logging to /scratch/axb4304/20194536/logs/yarn-axb4304-nodemanager-comet-11-40.sdsc.edu.out
chown: changing ownership of `/tmp': Operation not permitted
starting historyserver, logging to /tmp/mapred-axb4304-historyserver-comet-11-28.out
18/11/18 11:11:35 WARN util.NativeCodeLoader: Unable to load native-hadoop library for your platform... using builtin-java classes where applicable
18/11/18 11:11:37 WARN util.NativeCodeLoader: Unable to load native-hadoop library for your platform... using builtin-java classes where applicable
18/11/18 11:11:39 WARN util.NativeCodeLoader: Unable to load native-hadoop library for your platform... using builtin-java classes where applicable
18/11/18 11:11:42 INFO pig.ExecTypeProvider: Trying ExecType : LOCAL
18/11/18 11:11:42 INFO pig.ExecTypeProvider: Trying ExecType : MAPREDUCE
18/11/18 11:11:42 INFO pig.ExecTypeProvider: Picked MAPREDUCE as the ExecType
2018-11-18 11:11:42,215 [main] INFO  org.apache.pig.Main - Apache Pig version 0.16.0 (r1746530) compiled Jun 01 2016, 23:10:49
2018-11-18 11:11:42,215 [main] INFO  org.apache.pig.Main - Logging error messages to: /home/axb4304/project6/pig_1542568302214.log
2018-11-18 11:11:42,435 [main] WARN  org.apache.hadoop.util.NativeCodeLoader - Unable to load native-hadoop library for your platform... using builtin-java classes where applicable
2018-11-18 11:11:42,531 [main] INFO  org.apache.pig.impl.util.Utils - Default bootup file /home/axb4304/.pigbootup not found
2018-11-18 11:11:42,607 [main] INFO  org.apache.hadoop.conf.Configuration.deprecation - mapred.job.tracker is deprecated. Instead, use mapreduce.jobtracker.address
2018-11-18 11:11:42,607 [main] INFO  org.apache.hadoop.conf.Configuration.deprecation - fs.default.name is deprecated. Instead, use fs.defaultFS
2018-11-18 11:11:42,607 [main] INFO  org.apache.pig.backend.hadoop.executionengine.HExecutionEngine - Connecting to hadoop file system at: hdfs://comet-11-28.ibnet:54310
2018-11-18 11:11:42,919 [main] INFO  org.apache.pig.PigServer - Pig Script ID for the session: PIG-multiply.pig-34f7b2f7-19db-4b5e-b199-0ea20792466b
2018-11-18 11:11:42,919 [main] WARN  org.apache.pig.PigServer - ATS is disabled since yarn.timeline-service.enabled set to false
2018-11-18 11:11:43,422 [main] INFO  org.apache.hadoop.conf.Configuration.deprecation - fs.default.name is deprecated. Instead, use fs.defaultFS
2018-11-18 11:11:43,471 [main] INFO  org.apache.hadoop.conf.Configuration.deprecation - fs.default.name is deprecated. Instead, use fs.defaultFS
2018-11-18 11:11:43,540 [main] INFO  org.apache.hadoop.conf.Configuration.deprecation - fs.default.name is deprecated. Instead, use fs.defaultFS
2018-11-18 11:11:43,566 [main] INFO  org.apache.hadoop.conf.Configuration.deprecation - mapred.textoutputformat.separator is deprecated. Instead, use mapreduce.output.textoutputformat.separator
2018-11-18 11:11:43,580 [main] INFO  org.apache.pig.tools.pigstats.ScriptState - Pig features used in the script: HASH_JOIN,GROUP_BY
2018-11-18 11:11:43,601 [main] INFO  org.apache.hadoop.conf.Configuration.deprecation - fs.default.name is deprecated. Instead, use fs.defaultFS
2018-11-18 11:11:43,602 [main] INFO  org.apache.pig.data.SchemaTupleBackend - Key [pig.schematuple] was not set... will not generate code.
2018-11-18 11:11:43,621 [main] INFO  org.apache.pig.newplan.logical.optimizer.LogicalPlanOptimizer - {RULES_ENABLED=[AddForEach, ColumnMapKeyPrune, ConstantCalculator, GroupByConstParallelSetter, LimitOptimizer, LoadTypeCastInserter, MergeFilter, MergeForEach, PartitionFilterOptimizer, PredicatePushdownOptimizer, PushDownForEachFlatten, PushUpFilter, SplitFilter, StreamTypeCastInserter]}
2018-11-18 11:11:43,662 [main] INFO  org.apache.pig.impl.util.SpillableMemoryManager - Selected heap (PS Old Gen) of size 699400192 to monitor. collectionUsageThreshold = 489580128, usageThreshold = 489580128
2018-11-18 11:11:43,698 [main] INFO  org.apache.pig.backend.hadoop.executionengine.mapReduceLayer.MRCompiler - File concatenation threshold: 100 optimistic? false
2018-11-18 11:11:43,718 [main] INFO  org.apache.pig.backend.hadoop.executionengine.util.CombinerOptimizerUtil - Choosing to move algebraic foreach to combiner
2018-11-18 11:11:43,730 [main] INFO  org.apache.pig.backend.hadoop.executionengine.mapReduceLayer.MRCompiler$LastInputStreamingOptimizer - Rewrite: POPackage->POForEach to POPackage(JoinPackager)
2018-11-18 11:11:43,734 [main] INFO  org.apache.pig.backend.hadoop.executionengine.mapReduceLayer.MultiQueryOptimizer - MR plan size before optimization: 2
2018-11-18 11:11:43,734 [main] INFO  org.apache.pig.backend.hadoop.executionengine.mapReduceLayer.MultiQueryOptimizer - MR plan size after optimization: 2
2018-11-18 11:11:43,750 [main] INFO  org.apache.hadoop.conf.Configuration.deprecation - fs.default.name is deprecated. Instead, use fs.defaultFS
2018-11-18 11:11:43,768 [main] INFO  org.apache.hadoop.yarn.client.RMProxy - Connecting to ResourceManager at comet-11-28.ibnet/10.22.253.91:8032
2018-11-18 11:11:43,894 [main] INFO  org.apache.pig.tools.pigstats.mapreduce.MRScriptState - Pig script settings are added to the job
2018-11-18 11:11:43,897 [main] INFO  org.apache.hadoop.conf.Configuration.deprecation - mapred.job.reduce.markreset.buffer.percent is deprecated. Instead, use mapreduce.reduce.markreset.buffer.percent
2018-11-18 11:11:43,897 [main] INFO  org.apache.pig.backend.hadoop.executionengine.mapReduceLayer.JobControlCompiler - mapred.job.reduce.markreset.buffer.percent is not set, set to default 0.3
2018-11-18 11:11:43,897 [main] INFO  org.apache.hadoop.conf.Configuration.deprecation - mapred.output.compress is deprecated. Instead, use mapreduce.output.fileoutputformat.compress
2018-11-18 11:11:43,899 [main] INFO  org.apache.pig.backend.hadoop.executionengine.mapReduceLayer.JobControlCompiler - Reduce phase detected, estimating # of required reducers.
2018-11-18 11:11:43,899 [main] INFO  org.apache.pig.backend.hadoop.executionengine.mapReduceLayer.JobControlCompiler - Using reducer estimator: org.apache.pig.backend.hadoop.executionengine.mapReduceLayer.InputSizeReducerEstimator
2018-11-18 11:11:43,905 [main] INFO  org.apache.pig.backend.hadoop.executionengine.mapReduceLayer.InputSizeReducerEstimator - BytesPerReducer=1000000000 maxReducers=999 totalInputFileSize=249501
2018-11-18 11:11:43,905 [main] INFO  org.apache.pig.backend.hadoop.executionengine.mapReduceLayer.JobControlCompiler - Setting Parallelism to 1
2018-11-18 11:11:43,905 [main] INFO  org.apache.hadoop.conf.Configuration.deprecation - mapred.reduce.tasks is deprecated. Instead, use mapreduce.job.reduces
2018-11-18 11:11:43,905 [main] INFO  org.apache.pig.backend.hadoop.executionengine.mapReduceLayer.JobControlCompiler - This job cannot be converted run in-process
2018-11-18 11:11:43,914 [main] INFO  org.apache.hadoop.conf.Configuration.deprecation - mapred.submit.replication is deprecated. Instead, use mapreduce.client.submit.file.replication
2018-11-18 11:11:44,426 [main] INFO  org.apache.pig.backend.hadoop.executionengine.mapReduceLayer.JobControlCompiler - Added jar file:/oasis/projects/nsf/uot143/fegaras/pig-0.16.0/pig-0.16.0-core-h2.jar to DistributedCache through /tmp/temp1922522567/tmp-345466930/pig-0.16.0-core-h2.jar
2018-11-18 11:11:44,478 [main] INFO  org.apache.pig.backend.hadoop.executionengine.mapReduceLayer.JobControlCompiler - Added jar file:/oasis/projects/nsf/uot143/fegaras/pig-0.16.0/lib/automaton-1.11-8.jar to DistributedCache through /tmp/temp1922522567/tmp-1288249750/automaton-1.11-8.jar
2018-11-18 11:11:44,518 [main] INFO  org.apache.pig.backend.hadoop.executionengine.mapReduceLayer.JobControlCompiler - Added jar file:/oasis/projects/nsf/uot143/fegaras/pig-0.16.0/lib/antlr-runtime-3.4.jar to DistributedCache through /tmp/temp1922522567/tmp2021097897/antlr-runtime-3.4.jar
2018-11-18 11:11:44,585 [main] INFO  org.apache.pig.backend.hadoop.executionengine.mapReduceLayer.JobControlCompiler - Added jar file:/oasis/projects/nsf/uot143/fegaras/pig-0.16.0/lib/joda-time-2.9.3.jar to DistributedCache through /tmp/temp1922522567/tmp534022666/joda-time-2.9.3.jar
2018-11-18 11:11:44,593 [main] INFO  org.apache.pig.backend.hadoop.executionengine.mapReduceLayer.JobControlCompiler - Setting up single store job
2018-11-18 11:11:44,597 [main] INFO  org.apache.pig.data.SchemaTupleFrontend - Key [pig.schematuple] is false, will not generate code.
2018-11-18 11:11:44,597 [main] INFO  org.apache.pig.data.SchemaTupleFrontend - Starting process to move generated code to distributed cacche
2018-11-18 11:11:44,597 [main] INFO  org.apache.pig.data.SchemaTupleFrontend - Setting key [pig.schematuple.classes] with classes to deserialize []
2018-11-18 11:11:44,648 [main] INFO  org.apache.pig.backend.hadoop.executionengine.mapReduceLayer.MapReduceLauncher - 1 map-reduce job(s) waiting for submission.
2018-11-18 11:11:44,648 [main] INFO  org.apache.hadoop.conf.Configuration.deprecation - mapred.job.tracker.http.address is deprecated. Instead, use mapreduce.jobtracker.http.address
2018-11-18 11:11:44,651 [JobControl] INFO  org.apache.hadoop.yarn.client.RMProxy - Connecting to ResourceManager at comet-11-28.ibnet/10.22.253.91:8032
2018-11-18 11:11:44,659 [JobControl] INFO  org.apache.hadoop.conf.Configuration.deprecation - mapred.task.id is deprecated. Instead, use mapreduce.task.attempt.id
2018-11-18 11:11:44,660 [JobControl] INFO  org.apache.hadoop.conf.Configuration.deprecation - fs.default.name is deprecated. Instead, use fs.defaultFS
2018-11-18 11:11:44,800 [JobControl] WARN  org.apache.hadoop.mapreduce.JobSubmitter - No job jar file set.  User classes may not be found. See Job or Job#setJar(String).
2018-11-18 11:11:44,816 [JobControl] INFO  org.apache.pig.builtin.PigStorage - Using PigTextInputFormat
2018-11-18 11:11:44,819 [JobControl] INFO  org.apache.hadoop.mapreduce.lib.input.FileInputFormat - Total input paths to process : 1
2018-11-18 11:11:44,819 [JobControl] INFO  org.apache.pig.backend.hadoop.executionengine.util.MapRedUtil - Total input paths to process : 1
2018-11-18 11:11:44,841 [JobControl] INFO  org.apache.pig.backend.hadoop.executionengine.util.MapRedUtil - Total input paths (combined) to process : 1
2018-11-18 11:11:44,842 [JobControl] INFO  org.apache.pig.builtin.PigStorage - Using PigTextInputFormat
2018-11-18 11:11:44,844 [JobControl] INFO  org.apache.hadoop.mapreduce.lib.input.FileInputFormat - Total input paths to process : 1
2018-11-18 11:11:44,844 [JobControl] INFO  org.apache.pig.backend.hadoop.executionengine.util.MapRedUtil - Total input paths to process : 1
2018-11-18 11:11:44,845 [JobControl] INFO  org.apache.pig.backend.hadoop.executionengine.util.MapRedUtil - Total input paths (combined) to process : 1
2018-11-18 11:11:44,891 [JobControl] INFO  org.apache.hadoop.mapreduce.JobSubmitter - number of splits:2
2018-11-18 11:11:45,146 [JobControl] INFO  org.apache.hadoop.mapreduce.JobSubmitter - Submitting tokens for job: job_1542568292733_0001
2018-11-18 11:11:45,249 [JobControl] INFO  org.apache.hadoop.mapred.YARNRunner - Job jar is not present. Not adding any jar to the list of resources.
2018-11-18 11:11:45,382 [JobControl] INFO  org.apache.hadoop.yarn.client.api.impl.YarnClientImpl - Submitted application application_1542568292733_0001
2018-11-18 11:11:45,446 [JobControl] INFO  org.apache.hadoop.mapreduce.Job - The url to track the job: http://comet-11-28.ibnet:8088/proxy/application_1542568292733_0001/
2018-11-18 11:11:45,446 [main] INFO  org.apache.pig.backend.hadoop.executionengine.mapReduceLayer.MapReduceLauncher - HadoopJobId: job_1542568292733_0001
2018-11-18 11:11:45,446 [main] INFO  org.apache.pig.backend.hadoop.executionengine.mapReduceLayer.MapReduceLauncher - Processing aliases A,B,J,K
2018-11-18 11:11:45,447 [main] INFO  org.apache.pig.backend.hadoop.executionengine.mapReduceLayer.MapReduceLauncher - detailed locations: M: A[1,4],A[-1,-1],J[3,4],B[2,4],B[-1,-1],J[3,4] C:  R: K[4,4]
2018-11-18 11:11:45,453 [main] INFO  org.apache.pig.backend.hadoop.executionengine.mapReduceLayer.MapReduceLauncher - 0% complete
2018-11-18 11:11:45,453 [main] INFO  org.apache.pig.backend.hadoop.executionengine.mapReduceLayer.MapReduceLauncher - Running jobs are [job_1542568292733_0001]
2018-11-18 11:11:54,496 [main] INFO  org.apache.pig.backend.hadoop.executionengine.mapReduceLayer.MapReduceLauncher - 25% complete
2018-11-18 11:11:54,497 [main] INFO  org.apache.pig.backend.hadoop.executionengine.mapReduceLayer.MapReduceLauncher - Running jobs are [job_1542568292733_0001]
2018-11-18 11:12:00,001 [main] INFO  org.apache.pig.backend.hadoop.executionengine.mapReduceLayer.MapReduceLauncher - 50% complete
2018-11-18 11:12:00,002 [main] INFO  org.apache.pig.backend.hadoop.executionengine.mapReduceLayer.MapReduceLauncher - Running jobs are [job_1542568292733_0001]
2018-11-18 11:12:05,507 [main] INFO  org.apache.hadoop.yarn.client.RMProxy - Connecting to ResourceManager at comet-11-28.ibnet/10.22.253.91:8032
2018-11-18 11:12:05,515 [main] INFO  org.apache.hadoop.mapred.ClientServiceDelegate - Application state is completed. FinalApplicationStatus=SUCCEEDED. Redirecting to job history server
2018-11-18 11:12:06,089 [main] INFO  org.apache.hadoop.yarn.client.RMProxy - Connecting to ResourceManager at comet-11-28.ibnet/10.22.253.91:8032
2018-11-18 11:12:06,093 [main] INFO  org.apache.hadoop.mapred.ClientServiceDelegate - Application state is completed. FinalApplicationStatus=SUCCEEDED. Redirecting to job history server
2018-11-18 11:12:06,168 [main] INFO  org.apache.hadoop.yarn.client.RMProxy - Connecting to ResourceManager at comet-11-28.ibnet/10.22.253.91:8032
2018-11-18 11:12:06,171 [main] INFO  org.apache.hadoop.mapred.ClientServiceDelegate - Application state is completed. FinalApplicationStatus=SUCCEEDED. Redirecting to job history server
2018-11-18 11:12:06,219 [main] INFO  org.apache.pig.tools.pigstats.mapreduce.MRScriptState - Pig script settings are added to the job
2018-11-18 11:12:06,219 [main] INFO  org.apache.pig.backend.hadoop.executionengine.mapReduceLayer.JobControlCompiler - mapred.job.reduce.markreset.buffer.percent is not set, set to default 0.3
2018-11-18 11:12:06,219 [main] INFO  org.apache.pig.backend.hadoop.executionengine.mapReduceLayer.JobControlCompiler - Reduce phase detected, estimating # of required reducers.
2018-11-18 11:12:06,219 [main] INFO  org.apache.pig.backend.hadoop.executionengine.mapReduceLayer.JobControlCompiler - Using reducer estimator: org.apache.pig.backend.hadoop.executionengine.mapReduceLayer.InputSizeReducerEstimator
2018-11-18 11:12:06,227 [main] INFO  org.apache.pig.backend.hadoop.executionengine.mapReduceLayer.InputSizeReducerEstimator - BytesPerReducer=1000000000 maxReducers=999 totalInputFileSize=6664259
2018-11-18 11:12:06,227 [main] INFO  org.apache.pig.backend.hadoop.executionengine.mapReduceLayer.JobControlCompiler - Setting Parallelism to 1
2018-11-18 11:12:06,227 [main] INFO  org.apache.pig.backend.hadoop.executionengine.mapReduceLayer.JobControlCompiler - This job cannot be converted run in-process
2018-11-18 11:12:06,711 [main] INFO  org.apache.pig.backend.hadoop.executionengine.mapReduceLayer.JobControlCompiler - Added jar file:/oasis/projects/nsf/uot143/fegaras/pig-0.16.0/pig-0.16.0-core-h2.jar to DistributedCache through /tmp/temp1922522567/tmp-1147890334/pig-0.16.0-core-h2.jar
2018-11-18 11:12:06,749 [main] INFO  org.apache.pig.backend.hadoop.executionengine.mapReduceLayer.JobControlCompiler - Added jar file:/oasis/projects/nsf/uot143/fegaras/pig-0.16.0/lib/automaton-1.11-8.jar to DistributedCache through /tmp/temp1922522567/tmp1808008022/automaton-1.11-8.jar
2018-11-18 11:12:06,784 [main] INFO  org.apache.pig.backend.hadoop.executionengine.mapReduceLayer.JobControlCompiler - Added jar file:/oasis/projects/nsf/uot143/fegaras/pig-0.16.0/lib/antlr-runtime-3.4.jar to DistributedCache through /tmp/temp1922522567/tmp1200579044/antlr-runtime-3.4.jar
2018-11-18 11:12:06,876 [main] INFO  org.apache.pig.backend.hadoop.executionengine.mapReduceLayer.JobControlCompiler - Added jar file:/oasis/projects/nsf/uot143/fegaras/pig-0.16.0/lib/joda-time-2.9.3.jar to DistributedCache through /tmp/temp1922522567/tmp1930552852/joda-time-2.9.3.jar
2018-11-18 11:12:06,877 [main] INFO  org.apache.pig.backend.hadoop.executionengine.mapReduceLayer.JobControlCompiler - Setting up single store job
2018-11-18 11:12:06,877 [main] INFO  org.apache.pig.data.SchemaTupleFrontend - Key [pig.schematuple] is false, will not generate code.
2018-11-18 11:12:06,877 [main] INFO  org.apache.pig.data.SchemaTupleFrontend - Starting process to move generated code to distributed cacche
2018-11-18 11:12:06,877 [main] INFO  org.apache.pig.data.SchemaTupleFrontend - Setting key [pig.schematuple.classes] with classes to deserialize []
2018-11-18 11:12:06,894 [main] INFO  org.apache.pig.backend.hadoop.executionengine.mapReduceLayer.MapReduceLauncher - 1 map-reduce job(s) waiting for submission.
2018-11-18 11:12:06,895 [JobControl] INFO  org.apache.hadoop.yarn.client.RMProxy - Connecting to ResourceManager at comet-11-28.ibnet/10.22.253.91:8032
2018-11-18 11:12:06,900 [JobControl] INFO  org.apache.hadoop.conf.Configuration.deprecation - fs.default.name is deprecated. Instead, use fs.defaultFS
2018-11-18 11:12:06,909 [JobControl] WARN  org.apache.hadoop.mapreduce.JobSubmitter - No job jar file set.  User classes may not be found. See Job or Job#setJar(String).
2018-11-18 11:12:06,920 [JobControl] INFO  org.apache.hadoop.mapreduce.lib.input.FileInputFormat - Total input paths to process : 1
2018-11-18 11:12:06,920 [JobControl] INFO  org.apache.pig.backend.hadoop.executionengine.util.MapRedUtil - Total input paths to process : 1
2018-11-18 11:12:06,920 [JobControl] INFO  org.apache.pig.backend.hadoop.executionengine.util.MapRedUtil - Total input paths (combined) to process : 1
2018-11-18 11:12:06,950 [JobControl] INFO  org.apache.hadoop.mapreduce.JobSubmitter - number of splits:1
2018-11-18 11:12:06,981 [JobControl] INFO  org.apache.hadoop.mapreduce.JobSubmitter - Submitting tokens for job: job_1542568292733_0002
2018-11-18 11:12:06,983 [JobControl] INFO  org.apache.hadoop.mapred.YARNRunner - Job jar is not present. Not adding any jar to the list of resources.
2018-11-18 11:12:06,996 [JobControl] INFO  org.apache.hadoop.yarn.client.api.impl.YarnClientImpl - Submitted application application_1542568292733_0002
2018-11-18 11:12:06,998 [JobControl] INFO  org.apache.hadoop.mapreduce.Job - The url to track the job: http://comet-11-28.ibnet:8088/proxy/application_1542568292733_0002/
2018-11-18 11:12:07,394 [main] INFO  org.apache.pig.backend.hadoop.executionengine.mapReduceLayer.MapReduceLauncher - HadoopJobId: job_1542568292733_0002
2018-11-18 11:12:07,394 [main] INFO  org.apache.pig.backend.hadoop.executionengine.mapReduceLayer.MapReduceLauncher - Processing aliases L,M
2018-11-18 11:12:07,395 [main] INFO  org.apache.pig.backend.hadoop.executionengine.mapReduceLayer.MapReduceLauncher - detailed locations: M: M[6,4],L[5,4] C: M[6,4],L[5,4] R: M[6,4]
2018-11-18 11:12:19,439 [main] INFO  org.apache.pig.backend.hadoop.executionengine.mapReduceLayer.MapReduceLauncher - 75% complete
2018-11-18 11:12:19,440 [main] INFO  org.apache.pig.backend.hadoop.executionengine.mapReduceLayer.MapReduceLauncher - Running jobs are [job_1542568292733_0002]
2018-11-18 11:12:24,444 [main] INFO  org.apache.pig.backend.hadoop.executionengine.mapReduceLayer.MapReduceLauncher - Running jobs are [job_1542568292733_0002]
2018-11-18 11:12:27,451 [main] INFO  org.apache.hadoop.yarn.client.RMProxy - Connecting to ResourceManager at comet-11-28.ibnet/10.22.253.91:8032
2018-11-18 11:12:27,456 [main] INFO  org.apache.hadoop.mapred.ClientServiceDelegate - Application state is completed. FinalApplicationStatus=SUCCEEDED. Redirecting to job history server
2018-11-18 11:12:27,511 [main] INFO  org.apache.hadoop.yarn.client.RMProxy - Connecting to ResourceManager at comet-11-28.ibnet/10.22.253.91:8032
2018-11-18 11:12:27,515 [main] INFO  org.apache.hadoop.mapred.ClientServiceDelegate - Application state is completed. FinalApplicationStatus=SUCCEEDED. Redirecting to job history server
2018-11-18 11:12:27,537 [main] INFO  org.apache.hadoop.yarn.client.RMProxy - Connecting to ResourceManager at comet-11-28.ibnet/10.22.253.91:8032
2018-11-18 11:12:27,539 [main] INFO  org.apache.hadoop.mapred.ClientServiceDelegate - Application state is completed. FinalApplicationStatus=SUCCEEDED. Redirecting to job history server
2018-11-18 11:12:27,560 [main] INFO  org.apache.pig.backend.hadoop.executionengine.mapReduceLayer.MapReduceLauncher - 100% complete
2018-11-18 11:12:27,567 [main] INFO  org.apache.pig.tools.pigstats.mapreduce.SimplePigStats - Script Statistics: 

HadoopVersion	PigVersion	UserId	StartedAt	FinishedAt	Features
2.6.0	0.16.0	axb4304	2018-11-18 11:11:43	2018-11-18 11:12:27	HASH_JOIN,GROUP_BY

Success!

Job Stats (time in seconds):
JobId	Maps	Reduces	MaxMapTime	MinMapTime	AvgMapTime	MedianMapTime	MaxReduceTime	MinReduceTime	AvgReduceTime	MedianReducetime	Alias	Feature	Outputs
job_1542568292733_0001	2	1	2	2	2	2	3	3	3	3	A,B,J,K	HASH_JOIN	
job_1542568292733_0002	1	1	4	4	4	4	2	2	2	2	L,M	GROUP_BY,COMBINER	/user/axb4304/output,

Input(s):
Successfully read 7487 records from: "/user/axb4304/N-matrix-large.txt"
Successfully read 4957 records from: "/user/axb4304/M-matrix-large.txt"

Output(s):
Successfully stored 59889 records (1462809 bytes) in: "/user/axb4304/output"

Counters:
Total records written : 59889
Total bytes written : 1462809
Spillable Memory Manager spill count : 0
Total bags proactively spilled: 0
Total records proactively spilled: 0

Job DAG:
job_1542568292733_0001	->	job_1542568292733_0002,
job_1542568292733_0002


2018-11-18 11:12:27,568 [main] INFO  org.apache.hadoop.yarn.client.RMProxy - Connecting to ResourceManager at comet-11-28.ibnet/10.22.253.91:8032
2018-11-18 11:12:27,570 [main] INFO  org.apache.hadoop.mapred.ClientServiceDelegate - Application state is completed. FinalApplicationStatus=SUCCEEDED. Redirecting to job history server
2018-11-18 11:12:27,593 [main] INFO  org.apache.hadoop.yarn.client.RMProxy - Connecting to ResourceManager at comet-11-28.ibnet/10.22.253.91:8032
2018-11-18 11:12:27,595 [main] INFO  org.apache.hadoop.mapred.ClientServiceDelegate - Application state is completed. FinalApplicationStatus=SUCCEEDED. Redirecting to job history server
2018-11-18 11:12:27,614 [main] INFO  org.apache.hadoop.yarn.client.RMProxy - Connecting to ResourceManager at comet-11-28.ibnet/10.22.253.91:8032
2018-11-18 11:12:27,616 [main] INFO  org.apache.hadoop.mapred.ClientServiceDelegate - Application state is completed. FinalApplicationStatus=SUCCEEDED. Redirecting to job history server
2018-11-18 11:12:27,637 [main] INFO  org.apache.hadoop.yarn.client.RMProxy - Connecting to ResourceManager at comet-11-28.ibnet/10.22.253.91:8032
2018-11-18 11:12:27,639 [main] INFO  org.apache.hadoop.mapred.ClientServiceDelegate - Application state is completed. FinalApplicationStatus=SUCCEEDED. Redirecting to job history server
2018-11-18 11:12:27,657 [main] INFO  org.apache.hadoop.yarn.client.RMProxy - Connecting to ResourceManager at comet-11-28.ibnet/10.22.253.91:8032
2018-11-18 11:12:27,660 [main] INFO  org.apache.hadoop.mapred.ClientServiceDelegate - Application state is completed. FinalApplicationStatus=SUCCEEDED. Redirecting to job history server
2018-11-18 11:12:27,677 [main] INFO  org.apache.hadoop.yarn.client.RMProxy - Connecting to ResourceManager at comet-11-28.ibnet/10.22.253.91:8032
2018-11-18 11:12:27,680 [main] INFO  org.apache.hadoop.mapred.ClientServiceDelegate - Application state is completed. FinalApplicationStatus=SUCCEEDED. Redirecting to job history server
2018-11-18 11:12:27,697 [main] INFO  org.apache.pig.backend.hadoop.executionengine.mapReduceLayer.MapReduceLauncher - Success!
2018-11-18 11:12:27,713 [main] INFO  org.apache.pig.Main - Pig script completed in 45 seconds and 632 milliseconds (45632 ms)
18/11/18 11:12:28 WARN util.NativeCodeLoader: Unable to load native-hadoop library for your platform... using builtin-java classes where applicable
chown: changing ownership of `/tmp': Operation not permitted
stopping historyserver
stopping yarn daemons
stopping resourcemanager
comet-11-28.ibnet: stopping nodemanager
comet-11-28.ibnet: nodemanager did not stop gracefully after 5 seconds: killing with kill -9
comet-11-40.ibnet: stopping nodemanager
comet-11-40.ibnet: nodemanager did not stop gracefully after 5 seconds: killing with kill -9
comet-11-38.ibnet: stopping nodemanager
comet-11-38.ibnet: nodemanager did not stop gracefully after 5 seconds: killing with kill -9
no proxyserver to stop
18/11/18 11:12:45 WARN util.NativeCodeLoader: Unable to load native-hadoop library for your platform... using builtin-java classes where applicable
Stopping namenodes on [comet-11-28.ibnet]
comet-11-28.ibnet: stopping namenode
comet-11-28.ibnet: stopping datanode
comet-11-38.ibnet: stopping datanode
comet-11-40.ibnet: stopping datanode
Stopping secondary namenodes [comet-11-28.ibnet]
comet-11-28.ibnet: stopping secondarynamenode
18/11/18 11:13:04 WARN util.NativeCodeLoader: Unable to load native-hadoop library for your platform... using builtin-java classes where applicable
Copying Hadoop logs back to /home/axb4304/cometcluster/logs...
`/scratch/axb4304/20194536/logs' -> `/home/axb4304/cometcluster/logs'
`/scratch/axb4304/20194536/logs/hadoop-axb4304-secondarynamenode-comet-11-28.sdsc.edu.log' -> `/home/axb4304/cometcluster/logs/hadoop-axb4304-secondarynamenode-comet-11-28.sdsc.edu.log'
`/scratch/axb4304/20194536/logs/yarn-axb4304-resourcemanager-comet-11-28.out' -> `/home/axb4304/cometcluster/logs/yarn-axb4304-resourcemanager-comet-11-28.out'
`/scratch/axb4304/20194536/logs/hadoop-axb4304-namenode-comet-11-28.sdsc.edu.log' -> `/home/axb4304/cometcluster/logs/hadoop-axb4304-namenode-comet-11-28.sdsc.edu.log'
`/scratch/axb4304/20194536/logs/SecurityAuth-axb4304.audit' -> `/home/axb4304/cometcluster/logs/SecurityAuth-axb4304.audit'
`/scratch/axb4304/20194536/logs/userlogs' -> `/home/axb4304/cometcluster/logs/userlogs'
`/scratch/axb4304/20194536/logs/userlogs/application_1542568292733_0001' -> `/home/axb4304/cometcluster/logs/userlogs/application_1542568292733_0001'
`/scratch/axb4304/20194536/logs/userlogs/application_1542568292733_0001/container_1542568292733_0001_01_000004' -> `/home/axb4304/cometcluster/logs/userlogs/application_1542568292733_0001/container_1542568292733_0001_01_000004'
`/scratch/axb4304/20194536/logs/userlogs/application_1542568292733_0001/container_1542568292733_0001_01_000004/stderr' -> `/home/axb4304/cometcluster/logs/userlogs/application_1542568292733_0001/container_1542568292733_0001_01_000004/stderr'
`/scratch/axb4304/20194536/logs/userlogs/application_1542568292733_0001/container_1542568292733_0001_01_000004/stdout' -> `/home/axb4304/cometcluster/logs/userlogs/application_1542568292733_0001/container_1542568292733_0001_01_000004/stdout'
`/scratch/axb4304/20194536/logs/userlogs/application_1542568292733_0001/container_1542568292733_0001_01_000004/syslog' -> `/home/axb4304/cometcluster/logs/userlogs/application_1542568292733_0001/container_1542568292733_0001_01_000004/syslog'
`/scratch/axb4304/20194536/logs/userlogs/application_1542568292733_0001/container_1542568292733_0001_01_000003' -> `/home/axb4304/cometcluster/logs/userlogs/application_1542568292733_0001/container_1542568292733_0001_01_000003'
`/scratch/axb4304/20194536/logs/userlogs/application_1542568292733_0001/container_1542568292733_0001_01_000003/stderr' -> `/home/axb4304/cometcluster/logs/userlogs/application_1542568292733_0001/container_1542568292733_0001_01_000003/stderr'
`/scratch/axb4304/20194536/logs/userlogs/application_1542568292733_0001/container_1542568292733_0001_01_000003/stdout' -> `/home/axb4304/cometcluster/logs/userlogs/application_1542568292733_0001/container_1542568292733_0001_01_000003/stdout'
`/scratch/axb4304/20194536/logs/userlogs/application_1542568292733_0001/container_1542568292733_0001_01_000003/syslog' -> `/home/axb4304/cometcluster/logs/userlogs/application_1542568292733_0001/container_1542568292733_0001_01_000003/syslog'
`/scratch/axb4304/20194536/logs/userlogs/application_1542568292733_0001/container_1542568292733_0001_01_000002' -> `/home/axb4304/cometcluster/logs/userlogs/application_1542568292733_0001/container_1542568292733_0001_01_000002'
`/scratch/axb4304/20194536/logs/userlogs/application_1542568292733_0001/container_1542568292733_0001_01_000002/stderr' -> `/home/axb4304/cometcluster/logs/userlogs/application_1542568292733_0001/container_1542568292733_0001_01_000002/stderr'
`/scratch/axb4304/20194536/logs/userlogs/application_1542568292733_0001/container_1542568292733_0001_01_000002/stdout' -> `/home/axb4304/cometcluster/logs/userlogs/application_1542568292733_0001/container_1542568292733_0001_01_000002/stdout'
`/scratch/axb4304/20194536/logs/userlogs/application_1542568292733_0001/container_1542568292733_0001_01_000002/syslog' -> `/home/axb4304/cometcluster/logs/userlogs/application_1542568292733_0001/container_1542568292733_0001_01_000002/syslog'
`/scratch/axb4304/20194536/logs/userlogs/application_1542568292733_0001/container_1542568292733_0001_01_000001' -> `/home/axb4304/cometcluster/logs/userlogs/application_1542568292733_0001/container_1542568292733_0001_01_000001'
`/scratch/axb4304/20194536/logs/userlogs/application_1542568292733_0001/container_1542568292733_0001_01_000001/syslog' -> `/home/axb4304/cometcluster/logs/userlogs/application_1542568292733_0001/container_1542568292733_0001_01_000001/syslog'
`/scratch/axb4304/20194536/logs/userlogs/application_1542568292733_0001/container_1542568292733_0001_01_000001/stdout' -> `/home/axb4304/cometcluster/logs/userlogs/application_1542568292733_0001/container_1542568292733_0001_01_000001/stdout'
`/scratch/axb4304/20194536/logs/userlogs/application_1542568292733_0001/container_1542568292733_0001_01_000001/stderr' -> `/home/axb4304/cometcluster/logs/userlogs/application_1542568292733_0001/container_1542568292733_0001_01_000001/stderr'
`/scratch/axb4304/20194536/logs/yarn-axb4304-nodemanager-comet-11-28.sdsc.edu.out' -> `/home/axb4304/cometcluster/logs/yarn-axb4304-nodemanager-comet-11-28.sdsc.edu.out'
`/scratch/axb4304/20194536/logs/hadoop-axb4304-datanode-comet-11-28.sdsc.edu.log' -> `/home/axb4304/cometcluster/logs/hadoop-axb4304-datanode-comet-11-28.sdsc.edu.log'
`/scratch/axb4304/20194536/logs/hadoop-axb4304-datanode-comet-11-28.sdsc.edu.out' -> `/home/axb4304/cometcluster/logs/hadoop-axb4304-datanode-comet-11-28.sdsc.edu.out'
`/scratch/axb4304/20194536/logs/yarn-axb4304-nodemanager-comet-11-28.sdsc.edu.log' -> `/home/axb4304/cometcluster/logs/yarn-axb4304-nodemanager-comet-11-28.sdsc.edu.log'
`/scratch/axb4304/20194536/logs/hadoop-axb4304-namenode-comet-11-28.sdsc.edu.out' -> `/home/axb4304/cometcluster/logs/hadoop-axb4304-namenode-comet-11-28.sdsc.edu.out'
`/scratch/axb4304/20194536/logs/hadoop-axb4304-secondarynamenode-comet-11-28.sdsc.edu.out' -> `/home/axb4304/cometcluster/logs/hadoop-axb4304-secondarynamenode-comet-11-28.sdsc.edu.out'
`/scratch/axb4304/20194536/logs/yarn-axb4304-resourcemanager-comet-11-28.log' -> `/home/axb4304/cometcluster/logs/yarn-axb4304-resourcemanager-comet-11-28.log'
removed `/scratch/axb4304/20194536/mapred_scratch/usercache/axb4304/filecache/13/antlr-runtime-3.4.jar'
removed `/scratch/axb4304/20194536/mapred_scratch/usercache/axb4304/filecache/13/.tmp_antlr-runtime-3.4.jar.crc'
removed directory: `/scratch/axb4304/20194536/mapred_scratch/usercache/axb4304/filecache/13'
removed `/scratch/axb4304/20194536/mapred_scratch/usercache/axb4304/filecache/10/.tmp_pig-0.16.0-core-h2.jar.crc'
removed `/scratch/axb4304/20194536/mapred_scratch/usercache/axb4304/filecache/10/pig-0.16.0-core-h2.jar'
removed directory: `/scratch/axb4304/20194536/mapred_scratch/usercache/axb4304/filecache/10'
removed `/scratch/axb4304/20194536/mapred_scratch/usercache/axb4304/filecache/12/.tmp_joda-time-2.9.3.jar.crc'
removed `/scratch/axb4304/20194536/mapred_scratch/usercache/axb4304/filecache/12/joda-time-2.9.3.jar'
removed directory: `/scratch/axb4304/20194536/mapred_scratch/usercache/axb4304/filecache/12'
removed `/scratch/axb4304/20194536/mapred_scratch/usercache/axb4304/filecache/11/.tmp_automaton-1.11-8.jar.crc'
removed `/scratch/axb4304/20194536/mapred_scratch/usercache/axb4304/filecache/11/automaton-1.11-8.jar'
removed directory: `/scratch/axb4304/20194536/mapred_scratch/usercache/axb4304/filecache/11'
removed directory: `/scratch/axb4304/20194536/mapred_scratch/usercache/axb4304/filecache'
removed directory: `/scratch/axb4304/20194536/mapred_scratch/usercache/axb4304/appcache'
removed directory: `/scratch/axb4304/20194536/mapred_scratch/usercache/axb4304'
removed directory: `/scratch/axb4304/20194536/mapred_scratch/usercache'
removed directory: `/scratch/axb4304/20194536/mapred_scratch/nmPrivate'
removed directory: `/scratch/axb4304/20194536/mapred_scratch/filecache'
removed directory: `/scratch/axb4304/20194536/mapred_scratch'
removed `/scratch/axb4304/20194536/tmp/dfs/namesecondary/current/fsimage_0000000000000000000'
removed `/scratch/axb4304/20194536/tmp/dfs/namesecondary/current/edits_0000000000000000001-0000000000000000243'
removed `/scratch/axb4304/20194536/tmp/dfs/namesecondary/current/fsimage_0000000000000000000.md5'
removed `/scratch/axb4304/20194536/tmp/dfs/namesecondary/current/fsimage_0000000000000000243.md5'
removed `/scratch/axb4304/20194536/tmp/dfs/namesecondary/current/VERSION'
removed `/scratch/axb4304/20194536/tmp/dfs/namesecondary/current/fsimage_0000000000000000243'
removed directory: `/scratch/axb4304/20194536/tmp/dfs/namesecondary/current'
removed directory: `/scratch/axb4304/20194536/tmp/dfs/namesecondary'
removed directory: `/scratch/axb4304/20194536/tmp/dfs'
removed directory: `/scratch/axb4304/20194536/tmp'
removed `/scratch/axb4304/20194536/namenode_data/current/fsimage_0000000000000000000.md5'
removed `/scratch/axb4304/20194536/namenode_data/current/edits_inprogress_0000000000000000244'
removed `/scratch/axb4304/20194536/namenode_data/current/VERSION'
removed `/scratch/axb4304/20194536/namenode_data/current/fsimage_0000000000000000000'
removed `/scratch/axb4304/20194536/namenode_data/current/edits_0000000000000000001-0000000000000000243'
removed `/scratch/axb4304/20194536/namenode_data/current/seen_txid'
removed `/scratch/axb4304/20194536/namenode_data/current/fsimage_0000000000000000243.md5'
removed `/scratch/axb4304/20194536/namenode_data/current/fsimage_0000000000000000243'
removed directory: `/scratch/axb4304/20194536/namenode_data/current'
removed directory: `/scratch/axb4304/20194536/namenode_data'
removed `/scratch/axb4304/20194536/hdfs_data/current/BP-1141661776-198.202.118.183-1542568274781/dncp_block_verification.log.curr'
removed `/scratch/axb4304/20194536/hdfs_data/current/BP-1141661776-198.202.118.183-1542568274781/dncp_block_verification.log.prev'
removed directory: `/scratch/axb4304/20194536/hdfs_data/current/BP-1141661776-198.202.118.183-1542568274781/tmp'
removed directory: `/scratch/axb4304/20194536/hdfs_data/current/BP-1141661776-198.202.118.183-1542568274781/current/rbw'
removed `/scratch/axb4304/20194536/hdfs_data/current/BP-1141661776-198.202.118.183-1542568274781/current/dfsUsed'
removed `/scratch/axb4304/20194536/hdfs_data/current/BP-1141661776-198.202.118.183-1542568274781/current/finalized/subdir0/subdir0/blk_1073741849'
removed `/scratch/axb4304/20194536/hdfs_data/current/BP-1141661776-198.202.118.183-1542568274781/current/finalized/subdir0/subdir0/blk_1073741839'
removed `/scratch/axb4304/20194536/hdfs_data/current/BP-1141661776-198.202.118.183-1542568274781/current/finalized/subdir0/subdir0/blk_1073741852_1028.meta'
removed `/scratch/axb4304/20194536/hdfs_data/current/BP-1141661776-198.202.118.183-1542568274781/current/finalized/subdir0/subdir0/blk_1073741825_1001.meta'
removed `/scratch/axb4304/20194536/hdfs_data/current/BP-1141661776-198.202.118.183-1542568274781/current/finalized/subdir0/subdir0/blk_1073741838'
removed `/scratch/axb4304/20194536/hdfs_data/current/BP-1141661776-198.202.118.183-1542568274781/current/finalized/subdir0/subdir0/blk_1073741839_1015.meta'
removed `/scratch/axb4304/20194536/hdfs_data/current/BP-1141661776-198.202.118.183-1542568274781/current/finalized/subdir0/subdir0/blk_1073741826_1002.meta'
removed `/scratch/axb4304/20194536/hdfs_data/current/BP-1141661776-198.202.118.183-1542568274781/current/finalized/subdir0/subdir0/blk_1073741851_1027.meta'
removed `/scratch/axb4304/20194536/hdfs_data/current/BP-1141661776-198.202.118.183-1542568274781/current/finalized/subdir0/subdir0/blk_1073741851'
removed `/scratch/axb4304/20194536/hdfs_data/current/BP-1141661776-198.202.118.183-1542568274781/current/finalized/subdir0/subdir0/blk_1073741826'
removed `/scratch/axb4304/20194536/hdfs_data/current/BP-1141661776-198.202.118.183-1542568274781/current/finalized/subdir0/subdir0/blk_1073741849_1025.meta'
removed `/scratch/axb4304/20194536/hdfs_data/current/BP-1141661776-198.202.118.183-1542568274781/current/finalized/subdir0/subdir0/blk_1073741825'
removed `/scratch/axb4304/20194536/hdfs_data/current/BP-1141661776-198.202.118.183-1542568274781/current/finalized/subdir0/subdir0/blk_1073741852'
removed `/scratch/axb4304/20194536/hdfs_data/current/BP-1141661776-198.202.118.183-1542568274781/current/finalized/subdir0/subdir0/blk_1073741838_1014.meta'
removed directory: `/scratch/axb4304/20194536/hdfs_data/current/BP-1141661776-198.202.118.183-1542568274781/current/finalized/subdir0/subdir0'
removed directory: `/scratch/axb4304/20194536/hdfs_data/current/BP-1141661776-198.202.118.183-1542568274781/current/finalized/subdir0'
removed directory: `/scratch/axb4304/20194536/hdfs_data/current/BP-1141661776-198.202.118.183-1542568274781/current/finalized'
removed `/scratch/axb4304/20194536/hdfs_data/current/BP-1141661776-198.202.118.183-1542568274781/current/VERSION'
removed directory: `/scratch/axb4304/20194536/hdfs_data/current/BP-1141661776-198.202.118.183-1542568274781/current'
removed directory: `/scratch/axb4304/20194536/hdfs_data/current/BP-1141661776-198.202.118.183-1542568274781'
removed `/scratch/axb4304/20194536/hdfs_data/current/VERSION'
removed directory: `/scratch/axb4304/20194536/hdfs_data/current'
removed directory: `/scratch/axb4304/20194536/hdfs_data'
removed directory: `/scratch/axb4304/20194536/pids'
removed `/scratch/axb4304/20194536/logs/hadoop-axb4304-secondarynamenode-comet-11-28.sdsc.edu.log'
removed `/scratch/axb4304/20194536/logs/yarn-axb4304-resourcemanager-comet-11-28.out'
removed `/scratch/axb4304/20194536/logs/hadoop-axb4304-namenode-comet-11-28.sdsc.edu.log'
removed `/scratch/axb4304/20194536/logs/SecurityAuth-axb4304.audit'
removed `/scratch/axb4304/20194536/logs/userlogs/application_1542568292733_0001/container_1542568292733_0001_01_000004/stderr'
removed `/scratch/axb4304/20194536/logs/userlogs/application_1542568292733_0001/container_1542568292733_0001_01_000004/stdout'
removed `/scratch/axb4304/20194536/logs/userlogs/application_1542568292733_0001/container_1542568292733_0001_01_000004/syslog'
removed directory: `/scratch/axb4304/20194536/logs/userlogs/application_1542568292733_0001/container_1542568292733_0001_01_000004'
removed `/scratch/axb4304/20194536/logs/userlogs/application_1542568292733_0001/container_1542568292733_0001_01_000003/stderr'
removed `/scratch/axb4304/20194536/logs/userlogs/application_1542568292733_0001/container_1542568292733_0001_01_000003/stdout'
removed `/scratch/axb4304/20194536/logs/userlogs/application_1542568292733_0001/container_1542568292733_0001_01_000003/syslog'
removed directory: `/scratch/axb4304/20194536/logs/userlogs/application_1542568292733_0001/container_1542568292733_0001_01_000003'
removed `/scratch/axb4304/20194536/logs/userlogs/application_1542568292733_0001/container_1542568292733_0001_01_000002/stderr'
removed `/scratch/axb4304/20194536/logs/userlogs/application_1542568292733_0001/container_1542568292733_0001_01_000002/stdout'
removed `/scratch/axb4304/20194536/logs/userlogs/application_1542568292733_0001/container_1542568292733_0001_01_000002/syslog'
removed directory: `/scratch/axb4304/20194536/logs/userlogs/application_1542568292733_0001/container_1542568292733_0001_01_000002'
removed `/scratch/axb4304/20194536/logs/userlogs/application_1542568292733_0001/container_1542568292733_0001_01_000001/syslog'
removed `/scratch/axb4304/20194536/logs/userlogs/application_1542568292733_0001/container_1542568292733_0001_01_000001/stdout'
removed `/scratch/axb4304/20194536/logs/userlogs/application_1542568292733_0001/container_1542568292733_0001_01_000001/stderr'
removed directory: `/scratch/axb4304/20194536/logs/userlogs/application_1542568292733_0001/container_1542568292733_0001_01_000001'
removed directory: `/scratch/axb4304/20194536/logs/userlogs/application_1542568292733_0001'
removed directory: `/scratch/axb4304/20194536/logs/userlogs'
removed `/scratch/axb4304/20194536/logs/yarn-axb4304-nodemanager-comet-11-28.sdsc.edu.out'
removed `/scratch/axb4304/20194536/logs/hadoop-axb4304-datanode-comet-11-28.sdsc.edu.log'
removed `/scratch/axb4304/20194536/logs/hadoop-axb4304-datanode-comet-11-28.sdsc.edu.out'
removed `/scratch/axb4304/20194536/logs/yarn-axb4304-nodemanager-comet-11-28.sdsc.edu.log'
removed `/scratch/axb4304/20194536/logs/hadoop-axb4304-namenode-comet-11-28.sdsc.edu.out'
removed `/scratch/axb4304/20194536/logs/hadoop-axb4304-secondarynamenode-comet-11-28.sdsc.edu.out'
removed `/scratch/axb4304/20194536/logs/yarn-axb4304-resourcemanager-comet-11-28.log'
removed directory: `/scratch/axb4304/20194536/logs'
removed directory: `/scratch/axb4304/20194536/mapred_scratch/usercache/axb4304/appcache'
removed `/scratch/axb4304/20194536/mapred_scratch/usercache/axb4304/filecache/13/antlr-runtime-3.4.jar'
removed `/scratch/axb4304/20194536/mapred_scratch/usercache/axb4304/filecache/13/.tmp_antlr-runtime-3.4.jar.crc'
removed directory: `/scratch/axb4304/20194536/mapred_scratch/usercache/axb4304/filecache/13'
removed `/scratch/axb4304/20194536/mapred_scratch/usercache/axb4304/filecache/10/pig-0.16.0-core-h2.jar'
removed `/scratch/axb4304/20194536/mapred_scratch/usercache/axb4304/filecache/10/.tmp_pig-0.16.0-core-h2.jar.crc'
removed directory: `/scratch/axb4304/20194536/mapred_scratch/usercache/axb4304/filecache/10'
removed `/scratch/axb4304/20194536/mapred_scratch/usercache/axb4304/filecache/12/.tmp_joda-time-2.9.3.jar.crc'
removed `/scratch/axb4304/20194536/mapred_scratch/usercache/axb4304/filecache/12/joda-time-2.9.3.jar'
removed directory: `/scratch/axb4304/20194536/mapred_scratch/usercache/axb4304/filecache/12'
removed `/scratch/axb4304/20194536/mapred_scratch/usercache/axb4304/filecache/11/.tmp_automaton-1.11-8.jar.crc'
removed `/scratch/axb4304/20194536/mapred_scratch/usercache/axb4304/filecache/11/automaton-1.11-8.jar'
removed directory: `/scratch/axb4304/20194536/mapred_scratch/usercache/axb4304/filecache/11'
removed directory: `/scratch/axb4304/20194536/mapred_scratch/usercache/axb4304/filecache'
removed directory: `/scratch/axb4304/20194536/mapred_scratch/usercache/axb4304'
removed directory: `/scratch/axb4304/20194536/mapred_scratch/usercache'
removed directory: `/scratch/axb4304/20194536/mapred_scratch/nmPrivate'
removed directory: `/scratch/axb4304/20194536/mapred_scratch/filecache'
removed directory: `/scratch/axb4304/20194536/mapred_scratch'
removed `/scratch/axb4304/20194536/hdfs_data/current/BP-1141661776-198.202.118.183-1542568274781/dncp_block_verification.log.prev'
removed `/scratch/axb4304/20194536/hdfs_data/current/BP-1141661776-198.202.118.183-1542568274781/dncp_block_verification.log.curr'
removed `/scratch/axb4304/20194536/hdfs_data/current/BP-1141661776-198.202.118.183-1542568274781/current/finalized/subdir0/subdir0/blk_1073741849'
removed `/scratch/axb4304/20194536/hdfs_data/current/BP-1141661776-198.202.118.183-1542568274781/current/finalized/subdir0/subdir0/blk_1073741839'
removed `/scratch/axb4304/20194536/hdfs_data/current/BP-1141661776-198.202.118.183-1542568274781/current/finalized/subdir0/subdir0/blk_1073741825_1001.meta'
removed `/scratch/axb4304/20194536/hdfs_data/current/BP-1141661776-198.202.118.183-1542568274781/current/finalized/subdir0/subdir0/blk_1073741852_1028.meta'
removed `/scratch/axb4304/20194536/hdfs_data/current/BP-1141661776-198.202.118.183-1542568274781/current/finalized/subdir0/subdir0/blk_1073741849_1025.meta'
removed `/scratch/axb4304/20194536/hdfs_data/current/BP-1141661776-198.202.118.183-1542568274781/current/finalized/subdir0/subdir0/blk_1073741838_1014.meta'
removed `/scratch/axb4304/20194536/hdfs_data/current/BP-1141661776-198.202.118.183-1542568274781/current/finalized/subdir0/subdir0/blk_1073741852'
removed `/scratch/axb4304/20194536/hdfs_data/current/BP-1141661776-198.202.118.183-1542568274781/current/finalized/subdir0/subdir0/blk_1073741825'
removed `/scratch/axb4304/20194536/hdfs_data/current/BP-1141661776-198.202.118.183-1542568274781/current/finalized/subdir0/subdir0/blk_1073741826_1002.meta'
removed `/scratch/axb4304/20194536/hdfs_data/current/BP-1141661776-198.202.118.183-1542568274781/current/finalized/subdir0/subdir0/blk_1073741839_1015.meta'
removed `/scratch/axb4304/20194536/hdfs_data/current/BP-1141661776-198.202.118.183-1542568274781/current/finalized/subdir0/subdir0/blk_1073741838'
removed `/scratch/axb4304/20194536/hdfs_data/current/BP-1141661776-198.202.118.183-1542568274781/current/finalized/subdir0/subdir0/blk_1073741826'
removed `/scratch/axb4304/20194536/hdfs_data/current/BP-1141661776-198.202.118.183-1542568274781/current/finalized/subdir0/subdir0/blk_1073741851'
removed `/scratch/axb4304/20194536/hdfs_data/current/BP-1141661776-198.202.118.183-1542568274781/current/finalized/subdir0/subdir0/blk_1073741851_1027.meta'
removed directory: `/scratch/axb4304/20194536/hdfs_data/current/BP-1141661776-198.202.118.183-1542568274781/current/finalized/subdir0/subdir0'
removed directory: `/scratch/axb4304/20194536/hdfs_data/current/BP-1141661776-198.202.118.183-1542568274781/current/finalized/subdir0'
removed directory: `/scratch/axb4304/20194536/hdfs_data/current/BP-1141661776-198.202.118.183-1542568274781/current/finalized'
removed directory: `/scratch/axb4304/20194536/hdfs_data/current/BP-1141661776-198.202.118.183-1542568274781/current/rbw'
removed `/scratch/axb4304/20194536/hdfs_data/current/BP-1141661776-198.202.118.183-1542568274781/current/dfsUsed'
removed `/scratch/axb4304/20194536/hdfs_data/current/BP-1141661776-198.202.118.183-1542568274781/current/VERSION'
removed directory: `/scratch/axb4304/20194536/hdfs_data/current/BP-1141661776-198.202.118.183-1542568274781/current'
removed directory: `/scratch/axb4304/20194536/hdfs_data/current/BP-1141661776-198.202.118.183-1542568274781/tmp'
removed directory: `/scratch/axb4304/20194536/hdfs_data/current/BP-1141661776-198.202.118.183-1542568274781'
removed `/scratch/axb4304/20194536/hdfs_data/current/VERSION'
removed directory: `/scratch/axb4304/20194536/hdfs_data/current'
removed directory: `/scratch/axb4304/20194536/hdfs_data'
removed directory: `/scratch/axb4304/20194536/pids'
removed `/scratch/axb4304/20194536/logs/hadoop-axb4304-datanode-comet-11-38.sdsc.edu.out'
removed `/scratch/axb4304/20194536/logs/yarn-axb4304-nodemanager-comet-11-38.sdsc.edu.log'
removed `/scratch/axb4304/20194536/logs/userlogs/application_1542568292733_0002/container_1542568292733_0002_01_000001/syslog'
removed `/scratch/axb4304/20194536/logs/userlogs/application_1542568292733_0002/container_1542568292733_0002_01_000001/stdout'
removed `/scratch/axb4304/20194536/logs/userlogs/application_1542568292733_0002/container_1542568292733_0002_01_000001/stderr'
removed directory: `/scratch/axb4304/20194536/logs/userlogs/application_1542568292733_0002/container_1542568292733_0002_01_000001'
removed `/scratch/axb4304/20194536/logs/userlogs/application_1542568292733_0002/container_1542568292733_0002_01_000003/stderr'
removed `/scratch/axb4304/20194536/logs/userlogs/application_1542568292733_0002/container_1542568292733_0002_01_000003/stdout'
removed `/scratch/axb4304/20194536/logs/userlogs/application_1542568292733_0002/container_1542568292733_0002_01_000003/syslog'
removed directory: `/scratch/axb4304/20194536/logs/userlogs/application_1542568292733_0002/container_1542568292733_0002_01_000003'
removed directory: `/scratch/axb4304/20194536/logs/userlogs/application_1542568292733_0002'
removed directory: `/scratch/axb4304/20194536/logs/userlogs'
removed `/scratch/axb4304/20194536/logs/hadoop-axb4304-datanode-comet-11-38.sdsc.edu.log'
removed `/scratch/axb4304/20194536/logs/SecurityAuth-axb4304.audit'
removed `/scratch/axb4304/20194536/logs/yarn-axb4304-nodemanager-comet-11-38.sdsc.edu.out'
removed directory: `/scratch/axb4304/20194536/logs'
removed directory: `/scratch/axb4304/20194536/mapred_scratch/nmPrivate'
removed `/scratch/axb4304/20194536/mapred_scratch/usercache/axb4304/filecache/12/joda-time-2.9.3.jar'
removed `/scratch/axb4304/20194536/mapred_scratch/usercache/axb4304/filecache/12/.tmp_joda-time-2.9.3.jar.crc'
removed directory: `/scratch/axb4304/20194536/mapred_scratch/usercache/axb4304/filecache/12'
removed `/scratch/axb4304/20194536/mapred_scratch/usercache/axb4304/filecache/11/.tmp_automaton-1.11-8.jar.crc'
removed `/scratch/axb4304/20194536/mapred_scratch/usercache/axb4304/filecache/11/automaton-1.11-8.jar'
removed directory: `/scratch/axb4304/20194536/mapred_scratch/usercache/axb4304/filecache/11'
removed `/scratch/axb4304/20194536/mapred_scratch/usercache/axb4304/filecache/13/.tmp_antlr-runtime-3.4.jar.crc'
removed `/scratch/axb4304/20194536/mapred_scratch/usercache/axb4304/filecache/13/antlr-runtime-3.4.jar'
removed directory: `/scratch/axb4304/20194536/mapred_scratch/usercache/axb4304/filecache/13'
removed `/scratch/axb4304/20194536/mapred_scratch/usercache/axb4304/filecache/10/pig-0.16.0-core-h2.jar'
removed `/scratch/axb4304/20194536/mapred_scratch/usercache/axb4304/filecache/10/.tmp_pig-0.16.0-core-h2.jar.crc'
removed directory: `/scratch/axb4304/20194536/mapred_scratch/usercache/axb4304/filecache/10'
removed directory: `/scratch/axb4304/20194536/mapred_scratch/usercache/axb4304/filecache'
removed directory: `/scratch/axb4304/20194536/mapred_scratch/usercache/axb4304/appcache'
removed directory: `/scratch/axb4304/20194536/mapred_scratch/usercache/axb4304'
removed directory: `/scratch/axb4304/20194536/mapred_scratch/usercache'
removed directory: `/scratch/axb4304/20194536/mapred_scratch/filecache'
removed directory: `/scratch/axb4304/20194536/mapred_scratch'
removed `/scratch/axb4304/20194536/hdfs_data/current/VERSION'
removed directory: `/scratch/axb4304/20194536/hdfs_data/current/BP-1141661776-198.202.118.183-1542568274781/current/rbw'
removed `/scratch/axb4304/20194536/hdfs_data/current/BP-1141661776-198.202.118.183-1542568274781/current/finalized/subdir0/subdir0/blk_1073741849_1025.meta'
removed `/scratch/axb4304/20194536/hdfs_data/current/BP-1141661776-198.202.118.183-1542568274781/current/finalized/subdir0/subdir0/blk_1073741825'
removed `/scratch/axb4304/20194536/hdfs_data/current/BP-1141661776-198.202.118.183-1542568274781/current/finalized/subdir0/subdir0/blk_1073741852'
removed `/scratch/axb4304/20194536/hdfs_data/current/BP-1141661776-198.202.118.183-1542568274781/current/finalized/subdir0/subdir0/blk_1073741838_1014.meta'
removed `/scratch/axb4304/20194536/hdfs_data/current/BP-1141661776-198.202.118.183-1542568274781/current/finalized/subdir0/subdir0/blk_1073741838'
removed `/scratch/axb4304/20194536/hdfs_data/current/BP-1141661776-198.202.118.183-1542568274781/current/finalized/subdir0/subdir0/blk_1073741839_1015.meta'
removed `/scratch/axb4304/20194536/hdfs_data/current/BP-1141661776-198.202.118.183-1542568274781/current/finalized/subdir0/subdir0/blk_1073741826_1002.meta'
removed `/scratch/axb4304/20194536/hdfs_data/current/BP-1141661776-198.202.118.183-1542568274781/current/finalized/subdir0/subdir0/blk_1073741851'
removed `/scratch/axb4304/20194536/hdfs_data/current/BP-1141661776-198.202.118.183-1542568274781/current/finalized/subdir0/subdir0/blk_1073741826'
removed `/scratch/axb4304/20194536/hdfs_data/current/BP-1141661776-198.202.118.183-1542568274781/current/finalized/subdir0/subdir0/blk_1073741851_1027.meta'
removed `/scratch/axb4304/20194536/hdfs_data/current/BP-1141661776-198.202.118.183-1542568274781/current/finalized/subdir0/subdir0/blk_1073741849'
removed `/scratch/axb4304/20194536/hdfs_data/current/BP-1141661776-198.202.118.183-1542568274781/current/finalized/subdir0/subdir0/blk_1073741839'
removed `/scratch/axb4304/20194536/hdfs_data/current/BP-1141661776-198.202.118.183-1542568274781/current/finalized/subdir0/subdir0/blk_1073741852_1028.meta'
removed `/scratch/axb4304/20194536/hdfs_data/current/BP-1141661776-198.202.118.183-1542568274781/current/finalized/subdir0/subdir0/blk_1073741825_1001.meta'
removed directory: `/scratch/axb4304/20194536/hdfs_data/current/BP-1141661776-198.202.118.183-1542568274781/current/finalized/subdir0/subdir0'
removed directory: `/scratch/axb4304/20194536/hdfs_data/current/BP-1141661776-198.202.118.183-1542568274781/current/finalized/subdir0'
removed directory: `/scratch/axb4304/20194536/hdfs_data/current/BP-1141661776-198.202.118.183-1542568274781/current/finalized'
removed `/scratch/axb4304/20194536/hdfs_data/current/BP-1141661776-198.202.118.183-1542568274781/current/dfsUsed'
removed `/scratch/axb4304/20194536/hdfs_data/current/BP-1141661776-198.202.118.183-1542568274781/current/VERSION'
removed directory: `/scratch/axb4304/20194536/hdfs_data/current/BP-1141661776-198.202.118.183-1542568274781/current'
removed `/scratch/axb4304/20194536/hdfs_data/current/BP-1141661776-198.202.118.183-1542568274781/dncp_block_verification.log.prev'
removed `/scratch/axb4304/20194536/hdfs_data/current/BP-1141661776-198.202.118.183-1542568274781/dncp_block_verification.log.curr'
removed directory: `/scratch/axb4304/20194536/hdfs_data/current/BP-1141661776-198.202.118.183-1542568274781/tmp'
removed directory: `/scratch/axb4304/20194536/hdfs_data/current/BP-1141661776-198.202.118.183-1542568274781'
removed directory: `/scratch/axb4304/20194536/hdfs_data/current'
removed directory: `/scratch/axb4304/20194536/hdfs_data'
removed directory: `/scratch/axb4304/20194536/pids'
removed `/scratch/axb4304/20194536/logs/hadoop-axb4304-datanode-comet-11-40.sdsc.edu.out'
removed `/scratch/axb4304/20194536/logs/userlogs/application_1542568292733_0002/container_1542568292733_0002_01_000002/syslog'
removed `/scratch/axb4304/20194536/logs/userlogs/application_1542568292733_0002/container_1542568292733_0002_01_000002/stdout'
removed `/scratch/axb4304/20194536/logs/userlogs/application_1542568292733_0002/container_1542568292733_0002_01_000002/stderr'
removed directory: `/scratch/axb4304/20194536/logs/userlogs/application_1542568292733_0002/container_1542568292733_0002_01_000002'
removed directory: `/scratch/axb4304/20194536/logs/userlogs/application_1542568292733_0002'
removed directory: `/scratch/axb4304/20194536/logs/userlogs'
removed `/scratch/axb4304/20194536/logs/yarn-axb4304-nodemanager-comet-11-40.sdsc.edu.log'
removed `/scratch/axb4304/20194536/logs/yarn-axb4304-nodemanager-comet-11-40.sdsc.edu.out'
removed `/scratch/axb4304/20194536/logs/hadoop-axb4304-datanode-comet-11-40.sdsc.edu.log'
removed `/scratch/axb4304/20194536/logs/SecurityAuth-axb4304.audit'
removed directory: `/scratch/axb4304/20194536/logs'
removed directory: `/tmp/Jetty_0_0_0_0_50070_hdfs____w2cu08_5176786798271693677/jsp'
removed directory: `/tmp/Jetty_0_0_0_0_50070_hdfs____w2cu08_5176786798271693677/.active'
removed directory: `/tmp/Jetty_0_0_0_0_50070_hdfs____w2cu08_5176786798271693677'
removed directory: `/tmp/Jetty_comet.11.28_ibnet_50090_secondary____.cenyxp_7276142360873868494/jsp'
removed directory: `/tmp/Jetty_comet.11.28_ibnet_50090_secondary____.cenyxp_7276142360873868494/.active'
removed directory: `/tmp/Jetty_comet.11.28_ibnet_50090_secondary____.cenyxp_7276142360873868494'
removed directory: `/tmp/Jetty_0_0_0_0_50075_datanode____hwtdwq_8395347562049296519/jsp'
removed directory: `/tmp/Jetty_0_0_0_0_50075_datanode____hwtdwq_8395347562049296519/.active'
removed directory: `/tmp/Jetty_0_0_0_0_50075_datanode____hwtdwq_8395347562049296519'
